INFO: [HLS 200-10] Running 'D:/Xilinx/Vivado/2020.1/bin/unwrapped/win64.o/vivado_hls.exe'
INFO: [HLS 200-10] For user 'Vincent' on host 'desktop-dq2i52e' (Windows NT_amd64 version 6.2) on Thu Sep 24 11:02:17 +0800 2020
INFO: [HLS 200-10] In directory 'C:/Users/Vincent/Desktop/cnn-on-pynq-z2'
Sourcing Tcl script 'C:/Users/Vincent/Desktop/cnn-on-pynq-z2/hls_SingleFrameCNN/solution1/export.tcl'
INFO: [HLS 200-10] Opening project 'C:/Users/Vincent/Desktop/cnn-on-pynq-z2/hls_SingleFrameCNN'.
INFO: [HLS 200-10] Opening solution 'C:/Users/Vincent/Desktop/cnn-on-pynq-z2/hls_SingleFrameCNN/solution1'.
INFO: [SYN 201-201] Setting up clock 'default' with a period of 10ns.
INFO: [HLS 200-10] Setting target device to 'xczu7ev-ffvc1156-2-e'
INFO: [IMPL 213-8] Exporting RTL as a Vivado IP.

****** Vivado v2020.1 (64-bit)
  **** SW Build 2902540 on Wed May 27 19:54:49 MDT 2020
  **** IP Build 2902112 on Wed May 27 22:43:36 MDT 2020
    ** Copyright 1986-2020 Xilinx, Inc. All Rights Reserved.

source run_ippack.tcl -notrace
INFO: [IP_Flow 19-234] Refreshing IP repositories
INFO: [IP_Flow 19-1704] No user IP repositories specified
INFO: [IP_Flow 19-2313] Loaded Vivado IP repository 'D:/Xilinx/Vivado/2020.1/data/ip'.
WARNING: [IP_Flow 19-4832] The IP name 'conv2d_ap_fadd_2_full_dsp_32' you have specified is long. The Windows operating system has path length limitations. It is recommended you use shorter names to reduce the likelihood of issues.
create_ip: Time (s): cpu = 00:00:02 ; elapsed = 00:00:08 . Memory (MB): peak = 1015.785 ; gain = 0.000
INFO: [IP_Flow 19-1686] Generating 'Synthesis' target for IP 'conv2d_ap_fadd_2_full_dsp_32'...
INFO: [IP_Flow 19-1686] Generating 'Simulation' target for IP 'conv2d_ap_fadd_2_full_dsp_32'...
WARNING: [IP_Flow 19-4832] The IP name 'conv2d_ap_fmul_0_max_dsp_32' you have specified is long. The Windows operating system has path length limitations. It is recommended you use shorter names to reduce the likelihood of issues.
INFO: [IP_Flow 19-1686] Generating 'Synthesis' target for IP 'conv2d_ap_fmul_0_max_dsp_32'...
INFO: [IP_Flow 19-1686] Generating 'Simulation' target for IP 'conv2d_ap_fmul_0_max_dsp_32'...
INFO: [IP_Flow 19-234] Refreshing IP repositories
INFO: [IP_Flow 19-1704] No user IP repositories specified
INFO: [IP_Flow 19-2313] Loaded Vivado IP repository 'D:/Xilinx/Vivado/2020.1/data/ip'.
INFO: [Common 17-206] Exiting Vivado at Thu Sep 24 11:02:45 2020...
