INFO: [SIM 2] *************** CSIM start ***************
INFO: [SIM 4] CSIM will launch GCC as the compiler.
   Compiling ../../../../src_code_v2/tb_conv2d.cpp in debug mode
   Generating csim.exe

====Input Volume Info====
Input Height: 16
Input Width: 16
Input Channel: 3
Input Number: 1

====Filter Info====
Filter Height: 3
Filter Width: 3
Filter Channel: 3
Filter Number: 1

=====output volume=======
3.0  6.0  9.0  6.0  3.0  3.0  9.0  9.0  6.0  0.0  6.0  3.0  9.0  9.0  
0.0  3.0  9.0  9.0  3.0  0.0  9.0  9.0  9.0  0.0  3.0  6.0  9.0  9.0  
0.0  3.0  9.0  6.0  3.0  3.0  6.0  9.0  9.0  3.0  0.0  6.0  9.0  9.0  
3.0  6.0  9.0  3.0  0.0  6.0  6.0  9.0  6.0  3.0  3.0  3.0  9.0  9.0  
3.0  9.0  9.0  3.0  0.0  6.0  6.0  9.0  6.0  3.0  6.0  0.0  9.0  9.0  
3.0  6.0  9.0  6.0  3.0  3.0  9.0  9.0  6.0  0.0  6.0  3.0  9.0  9.0  
0.0  3.0  9.0  9.0  3.0  0.0  9.0  9.0  9.0  0.0  3.0  6.0  9.0  9.0  
0.0  3.0  9.0  6.0  3.0  3.0  6.0  9.0  9.0  3.0  0.0  6.0  9.0  9.0  
3.0  6.0  9.0  3.0  0.0  6.0  6.0  9.0  6.0  3.0  3.0  3.0  9.0  9.0  
3.0  9.0  9.0  3.0  0.0  6.0  6.0  9.0  6.0  3.0  6.0  0.0  9.0  9.0  
3.0  6.0  9.0  6.0  3.0  3.0  9.0  9.0  6.0  0.0  6.0  3.0  9.0  9.0  
0.0  3.0  9.0  9.0  3.0  0.0  9.0  9.0  9.0  0.0  3.0  6.0  9.0  9.0  
0.0  3.0  9.0  6.0  3.0  3.0  6.0  9.0  9.0  3.0  0.0  6.0  9.0  9.0  
3.0  6.0  9.0  3.0  0.0  6.0  6.0  9.0  6.0  3.0  3.0  3.0  9.0  9.0  
=========
INFO: [SIM 1] CSim done with 0 errors.
INFO: [SIM 3] *************** CSIM finish ***************
