

================================================================
== Vivado HLS Report for 'conv2d'
================================================================
* Date:           Thu Sep 24 11:01:57 2020

* Version:        2020.1 (Build 2897737 on Wed May 27 20:21:37 MDT 2020)
* Project:        hls_SingleFrameCNN
* Solution:       solution1
* Product family: zynquplus
* Target device:  xczu7ev-ffvc1156-2-e


================================================================
== Performance Estimates
================================================================
+ Timing: 
    * Summary: 
    +--------+----------+----------+------------+
    |  Clock |  Target  | Estimated| Uncertainty|
    +--------+----------+----------+------------+
    |ap_clk  | 10.00 ns | 8.419 ns |   1.25 ns  |
    +--------+----------+----------+------------+

+ Latency: 
    * Summary: 
    +---------+---------+----------+----------+-----+-----+---------+
    |  Latency (cycles) |  Latency (absolute) |  Interval | Pipeline|
    |   min   |   max   |    min   |    max   | min | max |   Type  |
    +---------+---------+----------+----------+-----+-----+---------+
    |        ?|        ?|         ?|         ?|    ?|    ?|   none  |
    +---------+---------+----------+----------+-----+-----+---------+

    + Detail: 
        * Instance: 
        N/A

        * Loop: 
        +---------------------+---------+---------+----------+-----------+-----------+-------+----------+
        |                     |  Latency (cycles) | Iteration|  Initiation Interval  |  Trip |          |
        |      Loop Name      |   min   |   max   |  Latency |  achieved |   target  | Count | Pipelined|
        +---------------------+---------+---------+----------+-----------+-----------+-------+----------+
        |- Loop 1             |        9|       15|   3 ~ 5  |          -|          -|      3|    no    |
        | + Loop 1.1          |        1|        3|         1|          -|          -| 1 ~ 3 |    no    |
        |- Loop 2             |        ?|        ?|         ?|          -|          -|      ?|    no    |
        | + Loop 2.1          |        ?|        ?|         1|          -|          -|      ?|    no    |
        |- Loop 3             |        ?|        ?|         ?|          -|          -|      ?|    no    |
        | + Loop 3.1          |        ?|        ?|        80|          -|          -|      ?|    no    |
        |  ++ Loop 3.1.1      |       78|       78|        26|          -|          -|      3|    no    |
        |   +++ Loop 3.1.1.1  |       24|       24|         8|          -|          -|      3|    no    |
        |- Loop 4             |        ?|        ?|         ?|          -|          -|      ?|    no    |
        | + Loop 4.1          |        ?|        ?|         3|          -|          -|      ?|    no    |
        +---------------------+---------+---------+----------+-----------+-----------+-------+----------+



================================================================
== Utilization Estimates
================================================================
* Summary: 
+-----------------+---------+-------+--------+--------+-----+
|       Name      | BRAM_18K| DSP48E|   FF   |   LUT  | URAM|
+-----------------+---------+-------+--------+--------+-----+
|DSP              |        -|      -|       -|       -|    -|
|Expression       |        -|      -|       0|     830|    -|
|FIFO             |        -|      -|       -|       -|    -|
|Instance         |        0|      5|     461|     517|    -|
|Memory           |       16|      -|      64|       5|    0|
|Multiplexer      |        -|      -|       -|     302|    -|
|Register         |        -|      -|     791|       -|    -|
+-----------------+---------+-------+--------+--------+-----+
|Total            |       16|      5|    1316|    1654|    0|
+-----------------+---------+-------+--------+--------+-----+
|Available        |      624|   1728|  460800|  230400|   96|
+-----------------+---------+-------+--------+--------+-----+
|Utilization (%)  |        2|   ~0  |   ~0   |   ~0   |    0|
+-----------------+---------+-------+--------+--------+-----+

+ Detail: 
    * Instance: 
    +-------------------------+-----------------------+---------+-------+-----+-----+-----+
    |         Instance        |         Module        | BRAM_18K| DSP48E|  FF | LUT | URAM|
    +-------------------------+-----------------------+---------+-------+-----+-----+-----+
    |conv2d_AXILiteS_s_axi_U  |conv2d_AXILiteS_s_axi  |        0|      0|  106|  168|    0|
    |conv2d_fadd_32ns_bkb_U1  |conv2d_fadd_32ns_bkb   |        0|      2|  227|  214|    0|
    |conv2d_fmul_32ns_cud_U2  |conv2d_fmul_32ns_cud   |        0|      3|  128|  135|    0|
    +-------------------------+-----------------------+---------+-------+-----+-----+-----+
    |Total                    |                       |        0|      5|  461|  517|    0|
    +-------------------------+-----------------------+---------+-------+-----+-----+-----+

    * DSP48E: 
    N/A

    * Memory: 
    +----------+---------------+---------+----+----+-----+------+-----+------+-------------+
    |  Memory  |     Module    | BRAM_18K| FF | LUT| URAM| Words| Bits| Banks| W*Bits*Banks|
    +----------+---------------+---------+----+----+-----+------+-----+------+-------------+
    |input_U   |conv2d_input   |        8|   0|   0|    0|  4096|   32|     1|       131072|
    |kernel_U  |conv2d_kernel  |        0|  64|   5|    0|     9|   32|     1|          288|
    |output_U  |conv2d_output  |        8|   0|   0|    0|  3844|   32|     1|       123008|
    +----------+---------------+---------+----+----+-----+------+-----+------+-------------+
    |Total     |               |       16|  64|   5|    0|  7949|   96|     3|       254368|
    +----------+---------------+---------+----+----+-----+------+-----+------+-------------+

    * FIFO: 
    N/A

    * Expression: 
    +------------------------+----------+-------+---+----+------------+------------+
    |      Variable Name     | Operation| DSP48E| FF| LUT| Bitwidth P0| Bitwidth P1|
    +------------------------+----------+-------+---+----+------------+------------+
    |add_ln31_fu_396_p2      |     +    |      0|  0|  15|           5|           5|
    |add_ln43_fu_471_p2      |     +    |      0|  0|  21|          14|          14|
    |add_ln60_fu_555_p2      |     +    |      0|  0|  20|          13|          13|
    |add_ln65_1_fu_641_p2    |     +    |      0|  0|  18|          14|          14|
    |add_ln65_2_fu_647_p2    |     +    |      0|  0|  18|          14|          14|
    |add_ln65_3_fu_661_p2    |     +    |      0|  0|  15|           5|           5|
    |add_ln65_fu_585_p2      |     +    |      0|  0|  15|           8|           8|
    |add_ln79_1_fu_531_p2    |     +    |      0|  0|  39|          32|           3|
    |add_ln79_fu_526_p2      |     +    |      0|  0|  39|          32|           3|
    |add_ln84_fu_750_p2      |     +    |      0|  0|  20|          13|          13|
    |col_4_fu_452_p2         |     +    |      0|  0|  38|          31|           1|
    |col_5_fu_545_p2         |     +    |      0|  0|  38|          31|           1|
    |col_6_fu_730_p2         |     +    |      0|  0|  38|          31|           1|
    |col_boundary_fu_438_p2  |     +    |      0|  0|  39|          32|           3|
    |col_fu_377_p2           |     +    |      0|  0|   9|           2|           1|
    |m_fu_571_p2             |     +    |      0|  0|   9|           2|           1|
    |n_fu_627_p2             |     +    |      0|  0|   9|           2|           1|
    |row_4_fu_343_p2         |     +    |      0|  0|   9|           2|           1|
    |row_5_fu_415_p2         |     +    |      0|  0|  38|          31|           1|
    |row_6_fu_680_p2         |     +    |      0|  0|  38|          31|           1|
    |row_boundary_fu_433_p2  |     +    |      0|  0|  39|          32|           3|
    |row_fu_490_p2           |     +    |      0|  0|  38|          31|           1|
    |sub_ln31_fu_365_p2      |     -    |      0|  0|  15|           5|           5|
    |sub_ln60_fu_520_p2      |     -    |      0|  0|  20|          13|          13|
    |sub_ln65_fu_615_p2      |     -    |      0|  0|  15|           5|           5|
    |sub_ln84_fu_715_p2      |     -    |      0|  0|  20|          13|          13|
    |ap_block_state3         |    and   |      0|  0|   2|           1|           1|
    |ap_block_state5         |    and   |      0|  0|   2|           1|           1|
    |tmp_last_fu_741_p2      |    and   |      0|  0|   2|           1|           1|
    |icmp_ln28_fu_337_p2     |   icmp   |      0|  0|   8|           2|           2|
    |icmp_ln29_fu_371_p2     |   icmp   |      0|  0|   8|           2|           2|
    |icmp_ln40_fu_410_p2     |   icmp   |      0|  0|  20|          32|          32|
    |icmp_ln41_fu_447_p2     |   icmp   |      0|  0|  20|          32|          32|
    |icmp_ln57_fu_485_p2     |   icmp   |      0|  0|  20|          32|          32|
    |icmp_ln58_fu_540_p2     |   icmp   |      0|  0|  20|          32|          32|
    |icmp_ln63_fu_565_p2     |   icmp   |      0|  0|   8|           2|           2|
    |icmp_ln64_fu_621_p2     |   icmp   |      0|  0|   8|           2|           2|
    |icmp_ln76_fu_675_p2     |   icmp   |      0|  0|  20|          32|          32|
    |icmp_ln77_fu_725_p2     |   icmp   |      0|  0|  20|          32|          32|
    |icmp_ln79_1_fu_736_p2   |   icmp   |      0|  0|  20|          32|          32|
    |icmp_ln79_fu_686_p2     |   icmp   |      0|  0|  20|          32|          32|
    +------------------------+----------+-------+---+----+------------+------------+
    |Total                   |          |      0|  0| 830|         711|         411|
    +------------------------+----------+-------+---+----+------------+------------+

    * Multiplexer: 
    +---------------------------+-----+-----------+-----+-----------+
    |            Name           | LUT | Input Size| Bits| Total Bits|
    +---------------------------+-----+-----------+-----+-----------+
    |ap_NS_fsm                  |  101|         21|    1|         21|
    |col_0_reg_202              |    9|          2|    2|          4|
    |col_1_reg_224              |    9|          2|   31|         62|
    |col_2_reg_247              |    9|          2|   31|         62|
    |col_3_reg_316              |    9|          2|   31|         62|
    |empty_6_reg_259            |    9|          2|   32|         64|
    |empty_8_reg_282            |    9|          2|   32|         64|
    |input_address0             |   15|          3|   12|         36|
    |kernel_address0            |   15|          3|    4|         12|
    |m_0_reg_271                |    9|          2|    2|          4|
    |n_0_reg_294                |    9|          2|    2|          4|
    |output_address0            |   21|          4|   12|         48|
    |output_d0                  |   15|          3|   32|         96|
    |row_0_reg_191              |    9|          2|    2|          4|
    |row_1_reg_213              |    9|          2|   31|         62|
    |row_2_reg_235              |    9|          2|   31|         62|
    |row_3_reg_305              |    9|          2|   31|         62|
    |stream_input_TDATA_blk_n   |    9|          2|    1|          2|
    |stream_kernel_TDATA_blk_n  |    9|          2|    1|          2|
    |stream_output_TDATA_blk_n  |    9|          2|    1|          2|
    +---------------------------+-----+-----------+-----+-----------+
    |Total                      |  302|         64|  322|        735|
    +---------------------------+-----+-----------+-----+-----------+

    * Register: 
    +------------------------+----+----+-----+-----------+
    |          Name          | FF | LUT| Bits| Const Bits|
    +------------------------+----+----+-----+-----------+
    |add_ln79_1_reg_852      |  32|   0|   32|          0|
    |add_ln79_reg_847        |  32|   0|   32|          0|
    |ap_CS_fsm               |  20|   0|   20|          0|
    |col_0_reg_202           |   2|   0|    2|          0|
    |col_1_reg_224           |  31|   0|   31|          0|
    |col_2_reg_247           |  31|   0|   31|          0|
    |col_3_reg_316           |  31|   0|   31|          0|
    |col_5_reg_860           |  31|   0|   31|          0|
    |col_6_reg_947           |  31|   0|   31|          0|
    |col_boundary_reg_817    |  32|   0|   32|          0|
    |empty_6_reg_259         |  32|   0|   32|          0|
    |empty_8_reg_282         |  32|   0|   32|          0|
    |icmp_ln79_reg_934       |   1|   0|    1|          0|
    |input_col_read_reg_760  |  32|   0|   32|          0|
    |input_load_reg_906      |  32|   0|   32|          0|
    |input_row_read_reg_767  |  32|   0|   32|          0|
    |kernel_load_reg_911     |  32|   0|   32|          0|
    |m_0_reg_271             |   2|   0|    2|          0|
    |m_reg_873               |   2|   0|    2|          0|
    |n_0_reg_294             |   2|   0|    2|          0|
    |n_reg_891               |   2|   0|    2|          0|
    |output_addr_reg_865     |  12|   0|   12|          0|
    |row_0_reg_191           |   2|   0|    2|          0|
    |row_1_reg_213           |  31|   0|   31|          0|
    |row_2_reg_235           |  31|   0|   31|          0|
    |row_3_reg_305           |  31|   0|   31|          0|
    |row_4_reg_777           |   2|   0|    2|          0|
    |row_5_reg_801           |  31|   0|   31|          0|
    |row_6_reg_929           |  31|   0|   31|          0|
    |row_boundary_reg_811    |  32|   0|   32|          0|
    |row_reg_837             |  31|   0|   31|          0|
    |sext_ln65_cast_reg_878  |   8|   0|   14|          6|
    |sub_ln31_reg_782        |   5|   0|    5|          0|
    |sub_ln60_reg_842        |  12|   0|   13|          1|
    |sub_ln65_reg_883        |   5|   0|    5|          0|
    |sub_ln84_reg_939        |  12|   0|   13|          1|
    |tmp_last_reg_952        |   1|   0|    1|          0|
    |x_reg_916               |  32|   0|   32|          0|
    |zext_ln43_cast_reg_806  |   8|   0|   14|          6|
    +------------------------+----+----+-----+-----------+
    |Total                   | 791|   0|  805|         14|
    +------------------------+----+----+-----+-----------+



================================================================
== Interface
================================================================
* Summary: 
+------------------------+-----+-----+--------------+----------------------+--------------+
|        RTL Ports       | Dir | Bits|   Protocol   |     Source Object    |    C Type    |
+------------------------+-----+-----+--------------+----------------------+--------------+
|s_axi_AXILiteS_AWVALID  |  in |    1|     s_axi    |       AXILiteS       |    scalar    |
|s_axi_AXILiteS_AWREADY  | out |    1|     s_axi    |       AXILiteS       |    scalar    |
|s_axi_AXILiteS_AWADDR   |  in |    5|     s_axi    |       AXILiteS       |    scalar    |
|s_axi_AXILiteS_WVALID   |  in |    1|     s_axi    |       AXILiteS       |    scalar    |
|s_axi_AXILiteS_WREADY   | out |    1|     s_axi    |       AXILiteS       |    scalar    |
|s_axi_AXILiteS_WDATA    |  in |   32|     s_axi    |       AXILiteS       |    scalar    |
|s_axi_AXILiteS_WSTRB    |  in |    4|     s_axi    |       AXILiteS       |    scalar    |
|s_axi_AXILiteS_ARVALID  |  in |    1|     s_axi    |       AXILiteS       |    scalar    |
|s_axi_AXILiteS_ARREADY  | out |    1|     s_axi    |       AXILiteS       |    scalar    |
|s_axi_AXILiteS_ARADDR   |  in |    5|     s_axi    |       AXILiteS       |    scalar    |
|s_axi_AXILiteS_RVALID   | out |    1|     s_axi    |       AXILiteS       |    scalar    |
|s_axi_AXILiteS_RREADY   |  in |    1|     s_axi    |       AXILiteS       |    scalar    |
|s_axi_AXILiteS_RDATA    | out |   32|     s_axi    |       AXILiteS       |    scalar    |
|s_axi_AXILiteS_RRESP    | out |    2|     s_axi    |       AXILiteS       |    scalar    |
|s_axi_AXILiteS_BVALID   | out |    1|     s_axi    |       AXILiteS       |    scalar    |
|s_axi_AXILiteS_BREADY   |  in |    1|     s_axi    |       AXILiteS       |    scalar    |
|s_axi_AXILiteS_BRESP    | out |    2|     s_axi    |       AXILiteS       |    scalar    |
|ap_clk                  |  in |    1| ap_ctrl_none |        conv2d        | return value |
|ap_rst_n                |  in |    1| ap_ctrl_none |        conv2d        | return value |
|stream_kernel_TDATA     |  in |   32|     axis     | stream_kernel_V_data |    pointer   |
|stream_kernel_TVALID    |  in |    1|     axis     | stream_kernel_V_last |    pointer   |
|stream_kernel_TREADY    | out |    1|     axis     | stream_kernel_V_last |    pointer   |
|stream_kernel_TLAST     |  in |    1|     axis     | stream_kernel_V_last |    pointer   |
|stream_input_TDATA      |  in |   32|     axis     |  stream_input_V_data |    pointer   |
|stream_input_TVALID     |  in |    1|     axis     |  stream_input_V_last |    pointer   |
|stream_input_TREADY     | out |    1|     axis     |  stream_input_V_last |    pointer   |
|stream_input_TLAST      |  in |    1|     axis     |  stream_input_V_last |    pointer   |
|stream_output_TDATA     | out |   32|     axis     | stream_output_V_data |    pointer   |
|stream_output_TVALID    | out |    1|     axis     | stream_output_V_last |    pointer   |
|stream_output_TREADY    |  in |    1|     axis     | stream_output_V_last |    pointer   |
|stream_output_TLAST     | out |    1|     axis     | stream_output_V_last |    pointer   |
+------------------------+-----+-----+--------------+----------------------+--------------+

