INFO-FLOW: Workspace C:/Users/Vincent/Desktop/cnn-on-pynq-z2/hls_SingleFrameCNN/solution1 opened at Thu Sep 24 11:01:42 +0800 2020
Execute     config_clock -quiet -name default -period 10 -default=false 
INFO: [SYN 201-201] Setting up clock 'default' with a period of 10ns.
Execute     open_platform DefaultPlatform 
Execute     import_lib D:/Xilinx/Vivado/2020.1/common/technology/xilinx/zynquplus/zynquplus 
Execute       source D:/Xilinx/Vivado/2020.1/common/technology/xilinx/common/xilinx.lib 
Execute         source D:/Xilinx/Vivado/2020.1/common/technology/xilinx/interface/xilinx_interface.lib 
Execute           source D:/Xilinx/Vivado/2020.1/common/technology/xilinx/interface/plb46.lib 
Execute           source D:/Xilinx/Vivado/2020.1/common/technology/xilinx/interface/fsl.lib 
Execute           source D:/Xilinx/Vivado/2020.1/common/technology/xilinx/interface/axi4.lib 
Execute           source D:/Xilinx/Vivado/2020.1/common/technology/xilinx/interface/maxi.lib 
Execute           source D:/Xilinx/Vivado/2020.1/common/technology/xilinx/interface/saxilite.lib 
Execute         source D:/Xilinx/Vivado/2020.1/common/technology/xilinx/common/dsp48.lib 
Execute         source D:/Xilinx/Vivado/2020.1/common/technology/xilinx/ip/dds_compiler.lib 
Execute         source D:/Xilinx/Vivado/2020.1/common/technology/xilinx/ip/xfft.lib 
Execute         source D:/Xilinx/Vivado/2020.1/common/technology/xilinx/ip/xfir.lib 
Execute       source D:/Xilinx/Vivado/2020.1/common/technology/xilinx/common/xilinx.hlp 
Execute         source D:/Xilinx/Vivado/2020.1/common/technology/xilinx/common/target_info.tcl 
Execute         source D:/Xilinx/Vivado/2020.1/common/technology/xilinx/interface/xilinx_interface.hlp 
Execute           source D:/Xilinx/Vivado/2020.1/common/technology/xilinx/interface/maxi.hlp 
Execute           source D:/Xilinx/Vivado/2020.1/common/technology/xilinx/interface/saxilite.hlp 
Execute         source D:/Xilinx/Vivado/2020.1/common/technology/xilinx/common/dsp48.hlp 
Execute       source D:/Xilinx/Vivado/2020.1/common/technology/xilinx/zynquplus/dsp48e2.hlp 
Execute       source D:/Xilinx/Vivado/2020.1/common/technology/xilinx/common/xilinx.hlp 
Execute         source D:/Xilinx/Vivado/2020.1/common/technology/xilinx/common/target_info.tcl 
Execute         source D:/Xilinx/Vivado/2020.1/common/technology/xilinx/interface/xilinx_interface.hlp 
Execute           source D:/Xilinx/Vivado/2020.1/common/technology/xilinx/interface/maxi.hlp 
Execute           source D:/Xilinx/Vivado/2020.1/common/technology/xilinx/interface/saxilite.hlp 
Execute         source D:/Xilinx/Vivado/2020.1/common/technology/xilinx/common/dsp48.hlp 
Execute     source D:/Xilinx/Vivado/2020.1/common/technology/xilinx/zynquplus/zynquplus.gen 
Execute       source D:/Xilinx/Vivado/2020.1/common/technology/xilinx/common/xilinx.gen 
Execute         source D:/Xilinx/Vivado/2020.1/common/technology/xilinx/interface/plb46.gen 
Execute         source D:/Xilinx/Vivado/2020.1/common/technology/xilinx/interface/fsl.gen 
Execute         source D:/Xilinx/Vivado/2020.1/common/technology/xilinx/interface/axi4.gen 
Execute         source D:/Xilinx/Vivado/2020.1/common/technology/xilinx/interface/nativeAXI4.gen 
Execute           source D:/Xilinx/Vivado/2020.1/common/technology/xilinx/interface/saxilite.gen 
Execute           source D:/Xilinx/Vivado/2020.1/common/technology/xilinx/interface/maxi.gen 
Execute         source D:/Xilinx/Vivado/2020.1/common/technology/xilinx/scripts/xilinxcoregen.gen 
Execute         source D:/Xilinx/Vivado/2020.1/common/technology/xilinx/interface/XilEDKCoreGen.gen 
Execute         source D:/Xilinx/Vivado/2020.1/common/technology/xilinx/ip/dds_compiler.gen 
Execute         source D:/Xilinx/Vivado/2020.1/common/technology/xilinx/ip/util.gen 
Execute         source D:/Xilinx/Vivado/2020.1/common/technology/xilinx/ip/xfft.gen 
Execute         source D:/Xilinx/Vivado/2020.1/common/technology/xilinx/ip/xfir.gen 
Execute         source D:/Xilinx/Vivado/2020.1/common/technology/xilinx/common/dsp48.gen 
Command       ap_source done; 0.121 sec.
Command     ap_source done; 0.122 sec.
Execute     open_platform DefaultPlatform 
Execute     import_lib D:/Xilinx/Vivado/2020.1/common/technology/xilinx/zynquplus/zynquplus_fpv7 
Execute       source D:/Xilinx/Vivado/2020.1/common/technology/xilinx/common/xilinx_fp.lib 
Execute       source D:/Xilinx/Vivado/2020.1/common/technology/xilinx/common/xilinx_fp.hlp 
Execute         source D:/Xilinx/Vivado/2020.1/common/technology/xilinx/common/xilinx.hlp 
Execute           source D:/Xilinx/Vivado/2020.1/common/technology/xilinx/common/target_info.tcl 
Execute           source D:/Xilinx/Vivado/2020.1/common/technology/xilinx/interface/xilinx_interface.hlp 
Execute             source D:/Xilinx/Vivado/2020.1/common/technology/xilinx/interface/maxi.hlp 
Execute             source D:/Xilinx/Vivado/2020.1/common/technology/xilinx/interface/saxilite.hlp 
Execute           source D:/Xilinx/Vivado/2020.1/common/technology/xilinx/common/dsp48.hlp 
Execute     source D:/Xilinx/Vivado/2020.1/common/technology/xilinx/zynquplus/zynquplus_fpv7.gen 
Execute       source D:/Xilinx/Vivado/2020.1/common/technology/xilinx/common/xilinx_fp.gen 
Execute     set_part xczu7ev-ffvc1156-2-e 
Execute       ap_part_info -name xczu7ev-ffvc1156-2-e -data single -quiet 
Command       ap_part_info done; 0.479 sec.
Execute       ap_part_info -name xczu7ev-ffvc1156-2-e -data info 
Execute       add_library xilinx/zynquplus/zynquplus:xczu7ev:-ffvc1156:-2-e 
Execute         get_default_platform 
Execute         ap_part_info -data single -name xczu7ev-ffvc1156-2-e 
Execute         ap_part_info -name xczu7ev-ffvc1156-2-e -data resources 
Execute         ap_part_info -name xczu7ev-ffvc1156-2-e -data info 
Execute         ap_part_info -name xczu7ev-ffvc1156-2-e -data info 
Execute         config_chip_info -quiet -resource {SLICE 28800} {LUT 230400} {FF 460800} {DSP48E 1728} {BRAM 624} {URAM 96} 
Execute         ap_part_info -name xczu7ev-ffvc1156-2-e -data info 
Execute         config_chip_info -quiet -speed medium 
Execute       add_library xilinx/zynquplus/zynquplus_fpv7 
Execute         get_default_platform 
INFO: [HLS 200-10] Setting target device to 'xczu7ev-ffvc1156-2-e'
Execute       ap_part_info -name xczu7ev-ffvc1156-2-e -data info 
Execute       get_default_platform 
Command     set_part done; 0.592 sec.
Execute     ap_part_info -data single -name xczu7ev-ffvc1156-2-e 
Execute     ap_part_info -name xczu7ev-ffvc1156-2-e -data resources 
Execute     ap_part_info -name xczu7ev-ffvc1156-2-e -data info 
Execute     ap_part_info -name xczu7ev-ffvc1156-2-e -data info 
Execute     config_chip_info -quiet -resource {SLICE 28800} {LUT 230400} {FF 460800} {DSP48E 1728} {BRAM 624} {URAM 96} 
Execute     ap_part_info -name xczu7ev-ffvc1156-2-e -data info 
Execute     config_chip_info -quiet -speed medium 
Command   open_solution done; 0.771 sec.
Execute   set_part xczu7ev-ffvc1156-2-e 
Execute     ap_part_info -name xczu7ev-ffvc1156-2-e -data single -quiet 
Execute     ap_part_info -name xczu7ev-ffvc1156-2-e -data info 
Execute     add_library xilinx/zynquplus/zynquplus:xczu7ev:-ffvc1156:-2-e 
Execute       get_default_platform 
Execute       ap_part_info -data single -name xczu7ev-ffvc1156-2-e 
Execute       ap_part_info -name xczu7ev-ffvc1156-2-e -data resources 
Execute       ap_part_info -name xczu7ev-ffvc1156-2-e -data info 
Execute       ap_part_info -name xczu7ev-ffvc1156-2-e -data info 
Execute       config_chip_info -quiet -resource {SLICE 28800} {LUT 230400} {FF 460800} {DSP48E 1728} {BRAM 624} {URAM 96} 
Execute       ap_part_info -name xczu7ev-ffvc1156-2-e -data info 
Execute       config_chip_info -quiet -speed medium 
Execute     add_library xilinx/zynquplus/zynquplus_fpv7 
Execute       get_default_platform 
Execute     ap_part_info -name xczu7ev-ffvc1156-2-e -data info 
Execute     get_default_platform 
Command   set_part done; 0.118 sec.
Execute   create_clock -period 10 -name default 
Execute     config_clock -quiet -name default -period 10 -default=false 
INFO: [SYN 201-201] Setting up clock 'default' with a period of 10ns.
Execute   csynth_design 
Execute     get_config_compile -dump_cfg 
Execute     get_config_compile -effort 
Execute     get_config_compile -enable_clang39 
Execute     get_config_compile -g 
Execute     get_config_compile -ng 
Execute     get_config_compile -opt_fp 
Execute     get_config_compile -skip_cdt 
Execute     get_config_compile -skip_syncheck 
Execute     get_config_compile -skip_transform 
Execute     get_config_compile -keep_printf 
Execute     elaborate -effort=medium -skip_syncheck=0 -keep_printf=0 -skip_cdt=0 -skip_transform=0 -ng=0 -g=0 -opt_fp=0 -from_csynth_design=1 
Execute       get_config_schedule -relax_ii_for_timing 
INFO: [SCHED 204-61] Option 'relax_ii_for_timing' is enabled, will increase II to preserve clock frequency constraints.
Execute       get_config_schedule -suppress_dependence_error_break 
INFO: [HLS 200-10] Analyzing design file 'src_code_v3/conv2d.cpp' ... 
INFO-FLOW: Compiling one TU...
Execute       is_m_axi_addr64 
INFO-FLOW: Handling src_code_v3/conv2d.cpp as C++
Execute       ap_part_info -name xczu7ev-ffvc1156-2-e -data info 
Execute       is_encrypted src_code_v3/conv2d.cpp 
Execute       ap_part_info -name xczu7ev-ffvc1156-2-e -data info 
INFO-FLOW: Running: GCC PP
INFO-FLOW: Source preprocessing
Execute       clang  -fno-limit-debug-info -gcc-toolchain "D:/Xilinx/Vivado/2020.1/msys" -hls  -fno-exceptions  -D__llvm__  -E "src_code_v3/conv2d.cpp"     -fno-math-errno -c -emit-llvm -O0  -mllvm -disable-llvm-optzns -fno-threadsafe-statics  -fno-use-cxa-atexit  -fno-threadsafe-statics -fno-use-cxa-atexit -D__CLANG_3_1__ -D__cdecl= -DAESL_SYN -D__SYNTHESIS__ -D__HLS_SYN__ -I "D:/Xilinx/Vivado/2020.1/common/technology/autopilot" -I "D:/Xilinx/Vivado/2020.1/common/technology/autopilot/ap_sysc" -include etc/autopilot_ssdm_op.h -D__DSP48E2__  -o "C:/Users/Vincent/Desktop/cnn-on-pynq-z2/hls_SingleFrameCNN/solution1/.autopilot/db/conv2d.pp.0.cpp" 
INFO-FLOW: exec D:/Xilinx/Vivado/2020.1/win64/tools/clang/bin/clang -fno-limit-debug-info -gcc-toolchain D:/Xilinx/Vivado/2020.1/msys -hls -fno-exceptions -D__llvm__ -E src_code_v3/conv2d.cpp -fno-math-errno -c -emit-llvm -O0 -mllvm -disable-llvm-optzns -fno-threadsafe-statics -fno-use-cxa-atexit -fno-threadsafe-statics -fno-use-cxa-atexit -D__CLANG_3_1__ -D__cdecl= -DAESL_SYN -D__SYNTHESIS__ -D__HLS_SYN__ -I D:/Xilinx/Vivado/2020.1/common/technology/autopilot -I D:/Xilinx/Vivado/2020.1/common/technology/autopilot/ap_sysc -include etc/autopilot_ssdm_op.h -D__DSP48E2__ -o C:/Users/Vincent/Desktop/cnn-on-pynq-z2/hls_SingleFrameCNN/solution1/.autopilot/db/conv2d.pp.0.cpp
Command       clang done; 1.528 sec.
Execute       tidy_31 xilinx-xfmat-array-geometry C:/Users/Vincent/Desktop/cnn-on-pynq-z2/hls_SingleFrameCNN/solution1/.autopilot/db/conv2d.pp.0.cpp std=gnu++98 
INFO-FLOW: exec D:/Xilinx/Vivado/2020.1/win64/tools/clang-3.9-csynth/bin/tidy-3.1 -header-filter=.* -checks=-*,xilinx-xfmat-array-geometry -quiet -fix C:/Users/Vincent/Desktop/cnn-on-pynq-z2/hls_SingleFrameCNN/solution1/.autopilot/db/conv2d.pp.0.cpp -- -std=gnu++98 -fhls -ferror-limit=0
Command       tidy_31 done; 0.424 sec.
INFO-FLOW: Syntax Checking before pre-processing...
Execute       clang -syntaxcheck -src C:/Users/Vincent/Desktop/cnn-on-pynq-z2/hls_SingleFrameCNN/solution1/.autopilot/db/conv2d.pp.0.cpp  -fno-limit-debug-info -gcc-toolchain "D:/Xilinx/Vivado/2020.1/msys" -hls    -fno-math-errno -c -emit-llvm -O0  -mllvm -disable-llvm-optzns -fno-threadsafe-statics  -fno-use-cxa-atexit  -fno-threadsafe-statics -fno-use-cxa-atexit -D__CLANG_3_1__ -D__cdecl= -DAESL_SYN -D__SYNTHESIS__ -D__HLS_SYN__ -I "D:/Xilinx/Vivado/2020.1/common/technology/autopilot" -I "D:/Xilinx/Vivado/2020.1/common/technology/autopilot/ap_sysc" -include etc/autopilot_ssdm_op.h -D__DSP48E2__  "C:/Users/Vincent/Desktop/cnn-on-pynq-z2/hls_SingleFrameCNN/solution1/.autopilot/db/conv2d.pp.0.cpp"  -o "C:/Users/Vincent/Desktop/cnn-on-pynq-z2/hls_SingleFrameCNN/solution1/.autopilot/db/useless.bc"  
INFO-FLOW: exec D:/Xilinx/Vivado/2020.1/win64/tools/clang/bin/clang -fno-limit-debug-info -gcc-toolchain D:/Xilinx/Vivado/2020.1/msys -hls -fno-math-errno -c -emit-llvm -O0 -mllvm -disable-llvm-optzns -fno-threadsafe-statics -fno-use-cxa-atexit -fno-threadsafe-statics -fno-use-cxa-atexit -D__CLANG_3_1__ -D__cdecl= -DAESL_SYN -D__SYNTHESIS__ -D__HLS_SYN__ -I D:/Xilinx/Vivado/2020.1/common/technology/autopilot -I D:/Xilinx/Vivado/2020.1/common/technology/autopilot/ap_sysc -include etc/autopilot_ssdm_op.h -D__DSP48E2__ C:/Users/Vincent/Desktop/cnn-on-pynq-z2/hls_SingleFrameCNN/solution1/.autopilot/db/conv2d.pp.0.cpp -o C:/Users/Vincent/Desktop/cnn-on-pynq-z2/hls_SingleFrameCNN/solution1/.autopilot/db/useless.bc
Command       clang done; 1.256 sec.
INFO-FLOW: Done: GCC PP time: 3.2 seconds per iteration
Execute       source D:/Xilinx/Vivado/2020.1/tps/tcl/tcllib1.11.1/yaml/huddle.tcl 
Execute       source D:/Xilinx/Vivado/2020.1/tps/tcl/tcllib1.11.1/yaml/json2huddle.tcl 
Execute         source D:/Xilinx/Vivado/2020.1/tps/tcl/tcllib1.11.1/try/try.tcl 
Execute       list_core -type functional_unit 
Execute       tidy_31 xilinx-systemc-detector C:/Users/Vincent/Desktop/cnn-on-pynq-z2/hls_SingleFrameCNN/solution1/.autopilot/db/conv2d.pp.0.cpp std=gnu++98 -directive=C:/Users/Vincent/Desktop/cnn-on-pynq-z2/hls_SingleFrameCNN/solution1/.autopilot/db/.systemc_flag 
INFO-FLOW: exec D:/Xilinx/Vivado/2020.1/win64/tools/clang-3.9-csynth/bin/tidy-3.1 -header-filter=.* -checks=-*,xilinx-systemc-detector -import-directive=C:/Users/Vincent/Desktop/cnn-on-pynq-z2/hls_SingleFrameCNN/solution1/.autopilot/db/.systemc_flag -quiet -fix-errors C:/Users/Vincent/Desktop/cnn-on-pynq-z2/hls_SingleFrameCNN/solution1/.autopilot/db/conv2d.pp.0.cpp -- -std=gnu++98 -fhls -ferror-limit=0
INFO-FLOW: Running: tidy-3.1 CDT preprocess
Execute       tidy_31 xilinx-directive2pragma C:/Users/Vincent/Desktop/cnn-on-pynq-z2/hls_SingleFrameCNN/solution1/.autopilot/db/conv2d.pp.0.cpp std=gnu++98 -directive=C:/Users/Vincent/Desktop/cnn-on-pynq-z2/hls_SingleFrameCNN/solution1/.autopilot/db/all.directive.json 
INFO-FLOW: exec D:/Xilinx/Vivado/2020.1/win64/tools/clang-3.9-csynth/bin/tidy-3.1 -header-filter=.* -checks=-*,xilinx-directive2pragma -import-directive=C:/Users/Vincent/Desktop/cnn-on-pynq-z2/hls_SingleFrameCNN/solution1/.autopilot/db/all.directive.json -quiet -fix-errors C:/Users/Vincent/Desktop/cnn-on-pynq-z2/hls_SingleFrameCNN/solution1/.autopilot/db/conv2d.pp.0.cpp -- -std=gnu++98 -fhls -ferror-limit=0
Execute       get_config_dataflow -strict_mode 
Execute       ap_eval exec -ignorestderr D:/Xilinx/Vivado/2020.1/win64/tools/clang-3.9-csynth/bin/xilinx-dataflow-lawyer -export-fixes=C:/Users/Vincent/Desktop/cnn-on-pynq-z2/hls_SingleFrameCNN/solution1/.autopilot/db/xilinx-dataflow-lawyer.conv2d.pp.0.cpp.diag.yml C:/Users/Vincent/Desktop/cnn-on-pynq-z2/hls_SingleFrameCNN/solution1/.autopilot/db/conv2d.pp.0.cpp -- -std=gnu++98 -fhls -ferror-limit=0 -fstrict-dataflow > C:/Users/Vincent/Desktop/cnn-on-pynq-z2/hls_SingleFrameCNN/solution1/.autopilot/db/xilinx-dataflow-lawyer.conv2d.pp.0.cpp.out.log 2> C:/Users/Vincent/Desktop/cnn-on-pynq-z2/hls_SingleFrameCNN/solution1/.autopilot/db/xilinx-dataflow-lawyer.conv2d.pp.0.cpp.err.log 
Command       ap_eval done; 0.294 sec.
Execute       tidy_31 -errorcheck xilinx-constantarray-param,xilinx-resource-pragma-transformer,xilinx-xfmat-array-geometry C:/Users/Vincent/Desktop/cnn-on-pynq-z2/hls_SingleFrameCNN/solution1/.autopilot/db/conv2d.pp.0.cpp std=gnu++98 
Execute         ap_eval exec -ignorestderr D:/Xilinx/Vivado/2020.1/win64/tools/clang-3.9-csynth/bin/tidy-3.1 -export-fixes=C:/Users/Vincent/Desktop/cnn-on-pynq-z2/hls_SingleFrameCNN/solution1/.autopilot/db/tidy-3.1.conv2d.pp.0.cpp.diag.yml -header-filter=.* -checks=-*,xilinx-constantarray-param,xilinx-resource-pragma-transformer,xilinx-xfmat-array-geometry -quiet -fix-errors C:/Users/Vincent/Desktop/cnn-on-pynq-z2/hls_SingleFrameCNN/solution1/.autopilot/db/conv2d.pp.0.cpp -- -std=gnu++98 -fhls -ferror-limit=0 > C:/Users/Vincent/Desktop/cnn-on-pynq-z2/hls_SingleFrameCNN/solution1/.autopilot/db/tidy-3.1.conv2d.pp.0.cpp.out.log 2> C:/Users/Vincent/Desktop/cnn-on-pynq-z2/hls_SingleFrameCNN/solution1/.autopilot/db/tidy-3.1.conv2d.pp.0.cpp.err.log 
Execute         ap_eval exec -ignorestderr D:/Xilinx/Vivado/2020.1/win64/tools/clang-3.9-csynth/bin/xilinx-legacy-rewriter C:/Users/Vincent/Desktop/cnn-on-pynq-z2/hls_SingleFrameCNN/solution1/.autopilot/db/conv2d.pp.0.cpp -- -std=gnu++98 -fhls -ferror-limit=0 > C:/Users/Vincent/Desktop/cnn-on-pynq-z2/hls_SingleFrameCNN/solution1/.autopilot/db/xilinx-legacy-rewriter.conv2d.pp.0.cpp.out.log 2> C:/Users/Vincent/Desktop/cnn-on-pynq-z2/hls_SingleFrameCNN/solution1/.autopilot/db/xilinx-legacy-rewriter.conv2d.pp.0.cpp.err.log 
Command         ap_eval done; 0.237 sec.
Command       tidy_31 done; 0.304 sec.
INFO-FLOW: Done: tidy-3.1 CDT preprocess time: 0.6 seconds per iteration
INFO-FLOW: Pragma Handling...
Execute       tidy_31 xilinx-ssdm-intrinsics-arguments C:/Users/Vincent/Desktop/cnn-on-pynq-z2/hls_SingleFrameCNN/solution1/.autopilot/db/conv2d.pragma.1.cpp std=gnu++98 
INFO-FLOW: exec D:/Xilinx/Vivado/2020.1/win64/tools/clang-3.9-csynth/bin/tidy-3.1 -header-filter=.* -checks=-*,xilinx-ssdm-intrinsics-arguments -quiet -fix-errors C:/Users/Vincent/Desktop/cnn-on-pynq-z2/hls_SingleFrameCNN/solution1/.autopilot/db/conv2d.pragma.1.cpp -- -std=gnu++98 -fhls -ferror-limit=0
Execute       ap_part_info -name xczu7ev-ffvc1156-2-e -data info 
INFO-FLOW: Processing labels
Execute       clang -src C:/Users/Vincent/Desktop/cnn-on-pynq-z2/hls_SingleFrameCNN/solution1/.autopilot/db/conv2d.pragma.2.cpp  -fno-limit-debug-info -gcc-toolchain D:/Xilinx/Vivado/2020.1/msys -hls -hls-analyze-label -hls-analyze-pragma -fno-exceptions  -D__llvm__  -w  "C:/Users/Vincent/Desktop/cnn-on-pynq-z2/hls_SingleFrameCNN/solution1/.autopilot/db/conv2d.pragma.2.cpp"    -fno-math-errno -c -emit-llvm -O0  -mllvm -disable-llvm-optzns -fno-threadsafe-statics  -fno-use-cxa-atexit -DAESL_SYN -D__SYNTHESIS__ -D__HLS_SYN__ -I "D:/Xilinx/Vivado/2020.1/common/technology/autopilot" -I "D:/Xilinx/Vivado/2020.1/common/technology/autopilot/ap_sysc" -include etc/autopilot_ssdm_op.h -D__DSP48E2__ -g -o "C:/Users/Vincent/Desktop/cnn-on-pynq-z2/hls_SingleFrameCNN/solution1/.autopilot/db/conv2d.bc" 
INFO-FLOW: exec D:/Xilinx/Vivado/2020.1/win64/tools/clang/bin/clang -fno-limit-debug-info -gcc-toolchain D:/Xilinx/Vivado/2020.1/msys -hls -hls-analyze-label -hls-analyze-pragma -fno-exceptions -D__llvm__ -w C:/Users/Vincent/Desktop/cnn-on-pynq-z2/hls_SingleFrameCNN/solution1/.autopilot/db/conv2d.pragma.2.cpp -fno-math-errno -c -emit-llvm -O0 -mllvm -disable-llvm-optzns -fno-threadsafe-statics -fno-use-cxa-atexit -DAESL_SYN -D__SYNTHESIS__ -D__HLS_SYN__ -I D:/Xilinx/Vivado/2020.1/common/technology/autopilot -I D:/Xilinx/Vivado/2020.1/common/technology/autopilot/ap_sysc -include etc/autopilot_ssdm_op.h -D__DSP48E2__ -g -o C:/Users/Vincent/Desktop/cnn-on-pynq-z2/hls_SingleFrameCNN/solution1/.autopilot/db/conv2d.bc
Command       clang done; 1.066 sec.
INFO-FLOW: Linking Debug ...
Execute       llvm-ld C:/Users/Vincent/Desktop/cnn-on-pynq-z2/hls_SingleFrameCNN/solution1/.autopilot/db/conv2d.g.bc -hls-opt -except-internalize conv2d -LD:/Xilinx/Vivado/2020.1/win64/lib -lhlsm -lhlsmc++ -o C:/Users/Vincent/Desktop/cnn-on-pynq-z2/hls_SingleFrameCNN/solution1/.autopilot/db/a.g 
Command       llvm-ld done; 6.398 sec.
INFO: [HLS 200-111] Finished Linking Time (s): cpu = 00:00:02 ; elapsed = 00:00:13 . Memory (MB): peak = 947.234 ; gain = 853.805
INFO: [HLS 200-111] Finished Checking Pragmas Time (s): cpu = 00:00:02 ; elapsed = 00:00:13 . Memory (MB): peak = 947.234 ; gain = 853.805
Execute       get_config_sdx -target 
Execute       opt_and_import_c a -opt_level=2 -skip_syncheck=0 -ng=0 -keep_printf=0 
Execute         cleanup_all_models 
INFO: [HLS 200-10] Starting code transformations ...
Execute         transform -promote-dbg-pointer C:/Users/Vincent/Desktop/cnn-on-pynq-z2/hls_SingleFrameCNN/solution1/.autopilot/db/a.pp.bc -o C:/Users/Vincent/Desktop/cnn-on-pynq-z2/hls_SingleFrameCNN/solution1/.autopilot/db/a.pp.0.bc -f 
Execute         llvm-ld C:/Users/Vincent/Desktop/cnn-on-pynq-z2/hls_SingleFrameCNN/solution1/.autopilot/db/a.pp.0.bc -disable-opt -LD:/Xilinx/Vivado/2020.1/win64/lib -lfloatconversion -o C:/Users/Vincent/Desktop/cnn-on-pynq-z2/hls_SingleFrameCNN/solution1/.autopilot/db/a.g.0 
Command         llvm-ld done; 0.569 sec.
INFO-FLOW: Running Standard Transforms...
Execute         transform -hls -share-std-xform -demangle-name -inline-byval-memcpy -always-inline -stream-depth-lower -promote-dbg-pointer -interface-preproc -mem2reg -scalarrepl -mem2reg -keep-read-access -instcombine -dce -promote-dbg-pointer -bitop-raise -loop-simplify -indvarspre -indvars -loop-simplify -xunroll -constprop -instcombine -simplifycfg -indvars -simplifycfg -dce -globaldce -basicaa -simplifycfg -mem2reg -globalopt -global-constprop -deadargelim -instcombine -simplifycfg -prune-eh -simplifycfg -scalarrepl -instcombine -reassociate -licm -simplifycfg -loop-simplify -indvars -instcombine -simplifycfg -mem2reg -loop-simplify -indvars -instcombine -gvn -gvn -instcombine -adce -break-crit-edges -simplifycfg -loop-delete -global-array-opt -dce -dse -adce -find-syn-modules -top conv2d -deadargelim -mem2reg -instcombine -dce -presyn-prepare -auto-rom-infer -interface-preproc -syn-check -check-rec-only -find-region -simplifycfg -func-extr -function-inline -globaldce -mem2reg -instcombine -dce -gvn -globaldce -adce -adse -constprop -instcombine -bit-constprop -instcombine -dce -simplifycfg -bitop-raise -simplifycfg -dce -loop-delete -reassociate -globalopt -global-privatize -mem2reg -dce -global-constprop -pointer-simplify -constprop -dce -func-inst -deadargelim -auto-shift-reg-idiom -promote-dbg-pointer -norm-name C:/Users/Vincent/Desktop/cnn-on-pynq-z2/hls_SingleFrameCNN/solution1/.autopilot/db/a.g.0.bc -o C:/Users/Vincent/Desktop/cnn-on-pynq-z2/hls_SingleFrameCNN/solution1/.autopilot/db/a.g.1.bc -f -phase std-opt 
INFO: [HLS 200-111] Finished Standard Transforms Time (s): cpu = 00:00:02 ; elapsed = 00:00:13 . Memory (MB): peak = 947.234 ; gain = 853.805
INFO: [HLS 200-10] Checking synthesizability ...
INFO-FLOW: Checking Synthesizability 1/2..
Execute         transform -hls -syn-check -check-rec-only -disaggr -scalarrepl -norm-name -dce -mem2reg -instcombine -function-uniquify -directive-preproc -mem2reg -dse -dce -auto-rom-infer -dce -pag -array-normalize -instcombine -dce -warn-fifo-pointer -array-seg-normalize -instcombine -dce -array-flatten -instcombine -dce -array-burst -dce -deadargelim -promote-global-argument -simplifycfg -mem2reg -globaldce -dce -deadargelim -dce -instcombine -function-inline -globaldce -dce -doublePtrSimplify -doublePtrElim -dce -doublePtrSimplify -promote-dbg-pointer -dce -scalarrepl -dse -adse -instcombine -ptrLegalization -simplifycfg -dce -instcombine -pointer-simplify -ptrArgReplace -dce -instcombine -resolve-double-ptr -disaggr -scalarrepl -norm-name -dce -mem2reg -instcombine -ptrLegalization -simplifycfg -deadargelim -instcombine -dce -inst-simplify -function-uniquify -directive-preproc -mem2reg -dse -dce -globaldce -check-dspbuiltin C:/Users/Vincent/Desktop/cnn-on-pynq-z2/hls_SingleFrameCNN/solution1/.autopilot/db/a.g.1.bc -o C:/Users/Vincent/Desktop/cnn-on-pynq-z2/hls_SingleFrameCNN/solution1/.autopilot/db/a.g.2.prechk.bc -f 
INFO-FLOW: Checking Synthesizability 2/2..
Execute         transform -syn-check C:/Users/Vincent/Desktop/cnn-on-pynq-z2/hls_SingleFrameCNN/solution1/.autopilot/db/a.g.2.prechk.bc -o C:/Users/Vincent/Desktop/cnn-on-pynq-z2/hls_SingleFrameCNN/solution1/.autopilot/db/a.g.2.bc -f -phase syn-check 
INFO: [HLS 200-111] Finished Checking Synthesizability Time (s): cpu = 00:00:02 ; elapsed = 00:00:13 . Memory (MB): peak = 947.234 ; gain = 853.805
INFO-FLOW: Compiler optimizing ...
INFO-FLOW: Share syncheck's 1.bc for syn flow: copy C:/Users/Vincent/Desktop/cnn-on-pynq-z2/hls_SingleFrameCNN/solution1/.autopilot/db/a.g.1.bc to C:/Users/Vincent/Desktop/cnn-on-pynq-z2/hls_SingleFrameCNN/solution1/.autopilot/db/a.o.1.bc
INFO-FLOW: Presyn 1...
Execute         transform -hls -tmp C:/Users/Vincent/Desktop/cnn-on-pynq-z2/hls_SingleFrameCNN/solution1/.autopilot/db -interface-port-rename -type-info -function-uniquify -directive-preproc -mem2reg -dse -dce -disaggr -scalarrepl -norm-name -deadargelim -mem2reg -instcombine -dce -simplifycfg -auto-rom-infer -dce -function-uniquify -resource-proc -clib-intrinsic-prepare -dce -func-buffer -dce -pag -array-normalize -func-legal -instcombine -gvn -constprop -dce -simplifycfg -mem2reg -globaldce -resolve-double-ptr -dce -deadargelim -dce -instcombine -ptrArgReplace -mem2reg -dce -array-seg-normalize -deadargelim -instcombine -dce -pointer-simplify -dce -port-alignment -dce -interface-preproc -data-pack -instcombine -dce -basicaa -aggr-aa -aggrmodref-aa -aggr-aa -gvn -gvn -basicaa -aggr-aa -aggrmodref-aa -aggr-aa -dse -adse -adce -loop-simplify -indvars -instcombine -gvn -loop-simplify -mem2reg -dce -find-region -instcombine -auto-loop-pipeline -inst-simplify -interface-preproc -cfgopt -instcombine -indvars -auto-loop-unroll -loop-simplify -loop-bound -xunroll -constprop -instcombine -simplifycfg -indvars -simplifycfg -dce -globaldce -clean-region -attach-range -gvn -inst-simplify -constprop -simplifycfg -dce -pointer-simplify -dce -globalopt -constprop -dce -array-promote -constprop -dce -ptrArgReplace -mem2reg -simplifycfg -dce -auto-par -instcombine -dce -array-transform-check -array-reshape -instcombine -simplifycfg -dce -ptrArgReplace -deadargelim -mem2reg -instcombine -simplifycfg -dce -indvars -loop-simplify -loop-bound -xunroll -constprop -instcombine -simplifycfg -indvars -simplifycfg -dce -globaldce -basicaa -aggr-aa -aggrmodref-aa -aggr-aa -dse -duplicate-dataflow-processes -globaldce -instcombine -array-partition -instcombine -simplifycfg -dce -ptrArgReplace -global-constprop -deadargelim -mem2reg -func-legal -dce -global-constprop -deadargelim -mem2reg -simplifycfg -dce -merge-param -deadargelim -globalopt -constprop -dce -array-promote -constprop -dce -ptrArgReplace -mem2reg -simplifycfg -dce -mem-intrinsic-preproc -dce -global-internalize -global-privatize -mem2reg -globaldce -promote-global-argument -ptrArgReplace -mem2reg -dce -globalopt -mergereturn -simplify-global-access -mem2reg -dce -pointer-simplify -dce -functionattrs -basicaa -aggr-aa -aggrmodref-aa -aggr-aa -gvn -gvn -basicaa -aggr-aa -aggrmodref-aa -aggr-aa -dse -adse -adce -dce -norm-name -function-inline -complex-op-raise -inst-simplify -globaldce -func-inst -constprop -instcombine -simplifycfg -dce -func-legal -dce -loop-bound -arraycheck -bitwidthmin -on-by-dataflow -loop-delete -instcombine -simplifycfg -globaldce -dce -gvn -deadargelim -dce -loop-simplify -clean-region -simplifycfg -propagate-stable-arguments -loop-stream -instcombine -simplifycfg -dce -globaldce -duplicate-dataflow-processes -stream-intrinsic-preproc -dce -check-ap-stream -loop-simplify -eliminate-keepreads -extract-dataflow-in-loop -loop-simplify -dce -gvn -deadargelim -dse -check-dataflow-syntax -legalize-stream-variable -legalize-global -extract-subproc -dce -dead-channel-elimination -canonicalize-gep -globaldce -dce -gvn -deadargelim -annotate-dataflow-channels -scalar-propagation -deadargelim -globaldce -mem2reg -check-dataflow-channels -function-stream -dce -globaldce -prop-fifo-spec -internal-stream-gen -canonicalize-gep -globaldce -dce -gvn -deadargelim -mergereturn -indvars -loop-simplify -instcombine -array-stream -array-seg-normalize -array-partition -func-legal -instcombine -simplifycfg -dce -bundle-memfifo-ops -deadargelim -function-uniquify -directive-preproc -mem2reg -dse -dce -group-axi-access -licm -simplifycfg -dce -loop-delete -norm-name C:/Users/Vincent/Desktop/cnn-on-pynq-z2/hls_SingleFrameCNN/solution1/.autopilot/db/a.o.1.bc -o C:/Users/Vincent/Desktop/cnn-on-pynq-z2/hls_SingleFrameCNN/solution1/.autopilot/db/a.o.1.tmp.bc -f 
Command         transform done; 0.127 sec.
INFO-FLOW: Presyn 2...
Execute         transform -hls -keep-callgraph -scalarrepl -mem2reg -port-alignment -attach-range -dce -pipe-mux-gen -indvars -loop-bound -inst-simplify -instcombine -dce -merge-array-access -mem2reg -dce -clean-region -mergereturn -if-conv -instcombine -dce -constprop -basicaa -aggr-aa -aggrmodref-aa -aggr-aa -gvn -gvn -basicaa -aggr-aa -aggrmodref-aa -aggr-aa -dse -adse -adce -scalarrepl -mem2reg -global-constprop -deadargelim -deadargelim -instcombine -dce -simplifycfg -ptrArgReplace -mem2reg -function-inline -globaldce -mem2reg -instcombine -dce -expr-balance -instcombine -dce -bitwidthmin -interface-preproc -directive-preproc -inst-rectify -instcombine -dce -functionattrs -constprop -instcombine -bit-constprop -simplify-global-access -globalopt -globaldce -inst-simplify -instcombine -elimdeaddata -dce -loop-delete -simplifycfg -loop-simplify -auto-burst -norm-name C:/Users/Vincent/Desktop/cnn-on-pynq-z2/hls_SingleFrameCNN/solution1/.autopilot/db/a.o.1.tmp.bc -o C:/Users/Vincent/Desktop/cnn-on-pynq-z2/hls_SingleFrameCNN/solution1/.autopilot/db/a.o.2.bc -f -phase presyn 
INFO: [HLS 200-111] Finished Pre-synthesis Time (s): cpu = 00:00:02 ; elapsed = 00:00:14 . Memory (MB): peak = 947.234 ; gain = 853.805
INFO-FLOW: Building ssdm...
Execute         transform -hls -function-uniquify -auto-function-inline -globaldce -ptrArgReplace -mem2reg -dce -reset-lda -loop-simplify -indvars -licm -loop-dep -loop-bound -licm -loop-simplify -flattenloopnest -array-flatten -gvn -instcombine -dce -array-map -dce -func-legal -gvn -adce -instcombine -cfgopt -simplifycfg -loop-simplify -array-burst -promote-global-argument -dce -ptrLegalization -axi4-lower -array-seg-normalize -basicaa -aggrmodref-aa -globalsmodref-aa -aggr-aa -gvn -gvn -basicaa -aggrmodref-aa -globalsmodref-aa -aggr-aa -dse -adse -adce -licm -inst-simplify -dce -globaldce -instcombine -array-stream -eliminate-keepreads -instcombine -dce -deadargelim -doublePtrSimplify -doublePtrElim -dce -doublePtrSimplify -promote-dbg-pointer -dce -scalarrepl -mem2reg -disaggr -norm-name -mem2reg -instcombine -dse -adse -adce -ptrLegalization -dce -auto-rom-infer -array-flatten -dce -instcombine -check-doubleptr -loop-rot -constprop -cfgopt -simplifycfg -loop-simplify -indvars -pointer-simplify -dce -loop-bound -loop-simplify -loop-preproc -constprop -global-constprop -gvn -mem2reg -instcombine -dce -loop-bound -loop-merge -dce -bitwidthmin -deadargelim -dce -canonicalize-dataflow -dce -scalar-propagation -deadargelim -globaldce -mem2reg -read-loop-dep -interface-preproc -directive-preproc -interface-gen -bram-byte-enable -deadargelim -inst-simplify -dce -gvn -mem2reg -instcombine -dce -adse -loop-bound -instcombine -cfgopt -simplifycfg -loop-simplify -clean-region -io-protocol -find-region -mem2reg -bitop-raise -complex-op-raise -inst-simplify -inst-rectify -instcombine -adce -deadargelim -loop-simplify -phi-opt -bitop-raise -cfgopt -simplifycfg -strip-dead-prototypes -interface-lower -bitop-lower -intrinsic-lower -auto-function-inline -basicaa -aggrmodref-aa -globalsmodref-aa -aggr-aa -inst-simplify -simplifycfg -loop-simplify -mergereturn -inst-simplify -inst-rectify -dce -load-elim -bitop-lower -loop-rewind -pointer-simplify -dce -cfgopt -dce -loop-bound -loop-dep -read-loop-dep -dce -check-stream -norm-name -legalize -validate-dataflow -inst-clarity -bitwidth -dump-loop-dep-to-ir -check-all-ssdm -cdfg-build C:/Users/Vincent/Desktop/cnn-on-pynq-z2/hls_SingleFrameCNN/solution1/.autopilot/db/a.o.2.bc -o C:/Users/Vincent/Desktop/cnn-on-pynq-z2/hls_SingleFrameCNN/solution1/.autopilot/db/a.o.3.bc -f -phase build-ssdm 
INFO: [HLS 200-472] Inferring partial write operation for 'kernel' (src_code_v3/conv2d.cpp:31:13)
INFO: [HLS 200-472] Inferring partial write operation for 'input' (src_code_v3/conv2d.cpp:43:13)
INFO: [HLS 200-472] Inferring partial write operation for 'output' (src_code_v3/conv2d.cpp:60:7)
INFO: [HLS 200-472] Inferring partial write operation for 'output' (src_code_v3/conv2d.cpp:66:9)
Command         transform done; 0.18 sec.
INFO: [HLS 200-111] Finished Architecture Synthesis Time (s): cpu = 00:00:02 ; elapsed = 00:00:14 . Memory (MB): peak = 947.234 ; gain = 853.805
INFO-FLOW: Finish building internal data model.
Command       opt_and_import_c done; 1.078 sec.
Command     elaborate done; 12.656 sec.
Execute     autosyn -from_csynth_design=1 
INFO: [HLS 200-10] Starting hardware synthesis ...
INFO-FLOW: Synthesizing C/C++ design ...
INFO: [HLS 200-10] Synthesizing 'conv2d' ...
Execute       ap_set_top_model conv2d 
Execute       get_model_list conv2d -filter all-wo-channel -topdown 
Execute       preproc_iomode -model conv2d 
Execute       get_model_list conv2d -filter all-wo-channel 
INFO-FLOW: Model list for configure: conv2d
INFO-FLOW: Configuring Module : conv2d ...
Execute       set_default_model conv2d 
Execute       apply_spec_resource_limit conv2d 
INFO-FLOW: Model list for preprocess: conv2d
INFO-FLOW: Preprocessing Module: conv2d ...
Execute       set_default_model conv2d 
Execute       cdfg_preprocess -model conv2d 
Execute       rtl_gen_preprocess conv2d 
INFO-FLOW: Model list for synthesis: conv2d
INFO: [HLS 200-10] ----------------------------------------------------------------
INFO: [HLS 200-42] -- Implementing module 'conv2d' 
INFO: [HLS 200-10] ----------------------------------------------------------------
Execute       set_default_model conv2d 
Execute       schedule -model conv2d 
INFO: [SCHED 204-11] Starting scheduling ...
INFO: [SCHED 204-11] Finished scheduling.
Command       schedule done; 0.128 sec.
INFO: [HLS 200-111]  Elapsed time: 14.079 seconds; current allocated memory: 98.150 MB.
Execute       syn_report -verbosereport -o C:/Users/Vincent/Desktop/cnn-on-pynq-z2/hls_SingleFrameCNN/solution1/.autopilot/db/conv2d.verbose.sched.rpt 
Execute       db_write -o C:/Users/Vincent/Desktop/cnn-on-pynq-z2/hls_SingleFrameCNN/solution1/.autopilot/db/conv2d.sched.adb -f 
INFO-FLOW: Finish scheduling conv2d.
Execute       set_default_model conv2d 
Execute       bind -model conv2d 
BIND OPTION: model=conv2d
INFO: [BIND 205-100] Starting micro-architecture generation ...
INFO: [BIND 205-101] Performing variable lifetime analysis.
INFO: [BIND 205-101] Exploring resource sharing.
INFO: [BIND 205-101] Binding ...
INFO: [BIND 205-100] Finished micro-architecture generation.
INFO: [HLS 200-111]  Elapsed time: 0.132 seconds; current allocated memory: 98.689 MB.
Execute       syn_report -verbosereport -o C:/Users/Vincent/Desktop/cnn-on-pynq-z2/hls_SingleFrameCNN/solution1/.autopilot/db/conv2d.verbose.bind.rpt 
Execute       db_write -o C:/Users/Vincent/Desktop/cnn-on-pynq-z2/hls_SingleFrameCNN/solution1/.autopilot/db/conv2d.bind.adb -f 
INFO-FLOW: Finish binding conv2d.
Execute       get_model_list conv2d -filter all-wo-channel 
INFO-FLOW: Preprocessing for RTLGen ...
Execute       rtl_gen_preprocess conv2d 
INFO-FLOW: Model list for RTL generation: conv2d
INFO: [HLS 200-10] ----------------------------------------------------------------
INFO: [HLS 200-10] -- Generating RTL for module 'conv2d' 
INFO: [HLS 200-10] ----------------------------------------------------------------
Execute       get_config_rtl -module_prefix 
Execute       get_config_rtl -module_auto_prefix 
Execute       create_rtl_model conv2d -vendor xilinx -mg_file C:/Users/Vincent/Desktop/cnn-on-pynq-z2/hls_SingleFrameCNN/solution1/.autopilot/db/conv2d.compgen.tcl 
INFO: [RTGEN 206-500] Setting interface mode on port 'conv2d/stream_kernel_V_data' to 'axis' (register, both mode).
INFO: [RTGEN 206-500] Setting interface mode on port 'conv2d/stream_kernel_V_last' to 'axis' (register, both mode).
INFO: [RTGEN 206-500] Setting interface mode on port 'conv2d/stream_input_V_data' to 'axis' (register, both mode).
INFO: [RTGEN 206-500] Setting interface mode on port 'conv2d/stream_input_V_last' to 'axis' (register, both mode).
INFO: [RTGEN 206-500] Setting interface mode on port 'conv2d/stream_output_V_data' to 'axis' (register, both mode).
INFO: [RTGEN 206-500] Setting interface mode on port 'conv2d/stream_output_V_last' to 'axis' (register, both mode).
INFO: [RTGEN 206-500] Setting interface mode on port 'conv2d/input_row' to 's_axilite & ap_none'.
INFO: [RTGEN 206-500] Setting interface mode on port 'conv2d/input_col' to 's_axilite & ap_none'.
INFO: [RTGEN 206-500] Setting interface mode on function 'conv2d' to 'ap_ctrl_none'.
INFO: [RTGEN 206-100] Bundling port 'input_row' and 'input_col' to AXI-Lite port AXILiteS.
INFO: [SYN 201-210] Renamed object name 'conv2d_fadd_32ns_32ns_32_4_full_dsp_1' to 'conv2d_fadd_32ns_bkb' due to the length limit 20
INFO: [SYN 201-210] Renamed object name 'conv2d_fmul_32ns_32ns_32_2_max_dsp_1' to 'conv2d_fmul_32ns_cud' due to the length limit 20
INFO: [RTGEN 206-100] Generating core module 'conv2d_fadd_32ns_bkb': 1 instance(s).
INFO: [RTGEN 206-100] Generating core module 'conv2d_fmul_32ns_cud': 1 instance(s).
INFO: [RTGEN 206-100] Finished creating RTL model for 'conv2d'.
Command       create_rtl_model done; 0.106 sec.
INFO: [HLS 200-111]  Elapsed time: 0.25 seconds; current allocated memory: 99.827 MB.
Execute       source C:/Users/Vincent/Desktop/cnn-on-pynq-z2/hls_SingleFrameCNN/solution1/.autopilot/db/conv2d.rtl_wrap.cfg.tcl 
Execute       gen_rtl conv2d -istop -style xilinx -tracefl mytrace -tracefmt vcd -traceopt all -f -lang sc -o C:/Users/Vincent/Desktop/cnn-on-pynq-z2/hls_SingleFrameCNN/solution1/syn/systemc/conv2d -synmodules conv2d 
Execute       gen_rtl conv2d -istop -style xilinx -f -lang vhdl -o C:/Users/Vincent/Desktop/cnn-on-pynq-z2/hls_SingleFrameCNN/solution1/syn/vhdl/conv2d 
Execute       gen_rtl conv2d -istop -style xilinx -f -lang vlog -o C:/Users/Vincent/Desktop/cnn-on-pynq-z2/hls_SingleFrameCNN/solution1/syn/verilog/conv2d 
Execute       syn_report -csynth -model conv2d -o C:/Users/Vincent/Desktop/cnn-on-pynq-z2/hls_SingleFrameCNN/solution1/syn/report/conv2d_csynth.rpt 
Execute       syn_report -rtlxml -model conv2d -o C:/Users/Vincent/Desktop/cnn-on-pynq-z2/hls_SingleFrameCNN/solution1/syn/report/conv2d_csynth.xml 
Execute       syn_report -verbosereport -model conv2d -o C:/Users/Vincent/Desktop/cnn-on-pynq-z2/hls_SingleFrameCNN/solution1/.autopilot/db/conv2d.verbose.rpt 
Execute       db_write -model conv2d -f -o C:/Users/Vincent/Desktop/cnn-on-pynq-z2/hls_SingleFrameCNN/solution1/.autopilot/db/conv2d.adb 
Execute       gen_tb_info conv2d -p C:/Users/Vincent/Desktop/cnn-on-pynq-z2/hls_SingleFrameCNN/solution1/.autopilot/db -o C:/Users/Vincent/Desktop/cnn-on-pynq-z2/hls_SingleFrameCNN/solution1/.autopilot/db/conv2d 
Execute       export_constraint_db -f -tool general -o C:/Users/Vincent/Desktop/cnn-on-pynq-z2/hls_SingleFrameCNN/solution1/.autopilot/db/conv2d.constraint.tcl 
Execute       syn_report -designview -model conv2d -o C:/Users/Vincent/Desktop/cnn-on-pynq-z2/hls_SingleFrameCNN/solution1/.autopilot/db/conv2d.design.xml 
Execute       get_config_rtl -disable_wave_debug 
Execute       syn_report -wcfg -model conv2d -o C:/Users/Vincent/Desktop/cnn-on-pynq-z2/hls_SingleFrameCNN/solution1/.autopilot/db/conv2d_dataflow_ana.wcfg 
Execute       syn_report -protoinst -model conv2d -o C:/Users/Vincent/Desktop/cnn-on-pynq-z2/hls_SingleFrameCNN/solution1/.autopilot/db/conv2d.protoinst 
Execute       get_config_debug -directory 
Execute       sc_get_clocks conv2d 
Execute       get_config_export -vivado_clock 
Execute       sc_get_portdomain conv2d 
INFO-FLOW: Model list for RTL component generation: conv2d
INFO-FLOW: Handling components in module [conv2d] ... 
Execute       source C:/Users/Vincent/Desktop/cnn-on-pynq-z2/hls_SingleFrameCNN/solution1/.autopilot/db/conv2d.compgen.tcl 
INFO-FLOW: Found component conv2d_fadd_32ns_bkb.
INFO-FLOW: Append model conv2d_fadd_32ns_bkb
INFO-FLOW: Found component conv2d_fmul_32ns_cud.
INFO-FLOW: Append model conv2d_fmul_32ns_cud
INFO-FLOW: Found component conv2d_input.
INFO-FLOW: Append model conv2d_input
INFO-FLOW: Found component conv2d_kernel.
INFO-FLOW: Append model conv2d_kernel
INFO-FLOW: Found component conv2d_output.
INFO-FLOW: Append model conv2d_output
INFO-FLOW: Found component conv2d_AXILiteS_s_axi.
INFO-FLOW: Append model conv2d_AXILiteS_s_axi
INFO-FLOW: Found component regslice_core.
INFO-FLOW: Append model regslice_core
INFO-FLOW: Append model conv2d
INFO-FLOW: Generating RTL model list ...
INFO-FLOW: All models in this session: conv2d_fadd_32ns_bkb conv2d_fmul_32ns_cud conv2d_input conv2d_kernel conv2d_output conv2d_AXILiteS_s_axi regslice_core conv2d
INFO-FLOW: To file: write model conv2d_fadd_32ns_bkb
INFO-FLOW: To file: write model conv2d_fmul_32ns_cud
INFO-FLOW: To file: write model conv2d_input
INFO-FLOW: To file: write model conv2d_kernel
INFO-FLOW: To file: write model conv2d_output
INFO-FLOW: To file: write model conv2d_AXILiteS_s_axi
INFO-FLOW: To file: write model regslice_core
INFO-FLOW: To file: write model conv2d
INFO-FLOW: Finished generating RTL model list.


INFO-FLOW: RTL Generation done.
INFO-FLOW: CAS Generation done.
INFO-FLOW: CBC Generation done.
Execute       syn_report -model conv2d -printsummary 
INFO: [HLS 200-790] **** Loop Constraint Status: All loop constraints were satisfied.
INFO: [HLS 200-789] **** Estimated Fmax: 118.78 MHz
INFO-FLOW: DBG:CMD: auto_generate_csynth_design
INFO-FLOW: DBG:CMD:     auto_generate --sim-model -phase csynth_design -d C:/Users/Vincent/Desktop/cnn-on-pynq-z2/hls_SingleFrameCNN/solution1
Execute       source C:/Users/Vincent/Desktop/cnn-on-pynq-z2/hls_SingleFrameCNN/solution1/.autopilot/db/global.setting.tcl 
INFO-FLOW: DBG:CMD: read_platform_lib C:/Users/Vincent/Desktop/cnn-on-pynq-z2/hls_SingleFrameCNN/solution1/.autopilot/db/global.setting.tcl
Execute       source D:/Xilinx/Vivado/2020.1/common/technology/generic/autopilot/common.gen 
Execute         source D:/Xilinx/Vivado/2020.1/common/technology/generic/autopilot/APCoreGen.gen 
Execute       source D:/Xilinx/Vivado/2020.1/common/technology/generic/autopilot/op.gen 
Execute       source D:/Xilinx/Vivado/2020.1/common/technology/generic/autopilot/op_simcore.gen 
Execute       source D:/Xilinx/Vivado/2020.1/common/technology/generic/autopilot/interface.gen 
Execute       source C:/Users/Vincent/Desktop/cnn-on-pynq-z2/hls_SingleFrameCNN/solution1/.autopilot/db/global.setting.tcl 
Execute       source D:/Xilinx/Vivado/2020.1/common/technology/xilinx/zynquplus/zynquplus.gen 
Execute         source D:/Xilinx/Vivado/2020.1/common/technology/xilinx/common/xilinx.gen 
Execute           source D:/Xilinx/Vivado/2020.1/common/technology/xilinx/interface/plb46.gen 
Execute           source D:/Xilinx/Vivado/2020.1/common/technology/xilinx/interface/fsl.gen 
Execute           source D:/Xilinx/Vivado/2020.1/common/technology/xilinx/interface/axi4.gen 
Execute           source D:/Xilinx/Vivado/2020.1/common/technology/xilinx/interface/nativeAXI4.gen 
Execute             source D:/Xilinx/Vivado/2020.1/common/technology/xilinx/interface/saxilite.gen 
Execute             source D:/Xilinx/Vivado/2020.1/common/technology/xilinx/interface/maxi.gen 
Execute           source D:/Xilinx/Vivado/2020.1/common/technology/xilinx/scripts/xilinxcoregen.gen 
Execute           source D:/Xilinx/Vivado/2020.1/common/technology/xilinx/interface/XilEDKCoreGen.gen 
Execute           source D:/Xilinx/Vivado/2020.1/common/technology/xilinx/ip/dds_compiler.gen 
Execute           source D:/Xilinx/Vivado/2020.1/common/technology/xilinx/ip/util.gen 
Execute           source D:/Xilinx/Vivado/2020.1/common/technology/xilinx/ip/xfft.gen 
Execute           source D:/Xilinx/Vivado/2020.1/common/technology/xilinx/ip/xfir.gen 
Execute           source D:/Xilinx/Vivado/2020.1/common/technology/xilinx/common/dsp48.gen 
Command         ap_source done; 0.119 sec.
Command       ap_source done; 0.12 sec.
Execute       source D:/Xilinx/Vivado/2020.1/common/technology/xilinx/zynquplus/zynquplus_fpv7.gen 
Execute         source D:/Xilinx/Vivado/2020.1/common/technology/xilinx/common/xilinx_fp.gen 
INFO-FLOW: DBG:CMD:   using AESL_AUTOCG::g_clock_period=10.000 (was NA)
INFO-FLOW: DBG:CMD:       generate_ip_cores sim=1 export=0 expOnly=0 dstVlogDir=syn/verilog
Execute       source C:/Users/Vincent/Desktop/cnn-on-pynq-z2/hls_SingleFrameCNN/solution1/.autopilot/db/global.setting.tcl 
Execute       ap_part_info -name xczu7ev-ffvc1156-2-e -data names -quiet 
Execute       ap_part_info -name xczu7ev-ffvc1156-2-e -data info -quiet 
Execute       source C:/Users/Vincent/Desktop/cnn-on-pynq-z2/hls_SingleFrameCNN/solution1/.autopilot/db/global.setting.tcl 
Execute       source C:/Users/Vincent/Desktop/cnn-on-pynq-z2/hls_SingleFrameCNN/solution1/.autopilot/db/global.setting.tcl 
Execute       source C:/Users/Vincent/Desktop/cnn-on-pynq-z2/hls_SingleFrameCNN/solution1/.autopilot/db/conv2d.compgen.tcl 
Execute         ap_part_info -name xczu7ev-ffvc1156-2-e -data names -quiet 
Execute         ap_part_info -name xczu7ev-ffvc1156-2-e -data info -quiet 
Execute         ap_part_info -name xczu7ev-ffvc1156-2-e -data names -quiet 
Execute         ap_part_info -name xczu7ev-ffvc1156-2-e -data info -quiet 
INFO: [RTMG 210-278] Implementing memory 'conv2d_input_ram (RAM)' using block RAMs.
Execute         ap_part_info -name xczu7ev-ffvc1156-2-e -data names -quiet 
Execute         ap_part_info -name xczu7ev-ffvc1156-2-e -data info -quiet 
INFO: [RTMG 210-278] Implementing memory 'conv2d_kernel_ram (RAM)' using distributed RAMs.
Execute         ap_part_info -name xczu7ev-ffvc1156-2-e -data names -quiet 
Execute         ap_part_info -name xczu7ev-ffvc1156-2-e -data info -quiet 
INFO: [RTMG 210-278] Implementing memory 'conv2d_output_ram (RAM)' using block RAMs.
Execute         ap_part_info -name xczu7ev-ffvc1156-2-e -data names -quiet 
Execute         ap_part_info -name xczu7ev-ffvc1156-2-e -data info -quiet 
Execute         source ./AXILiteS.slave.tcl 
Execute         is_m_axi_addr64 
Command       ap_source done; 0.422 sec.
INFO-FLOW: DBG:CMD:     auto_generate -export -impltomg_flag -rtl both -tool Vivado -pcore_version 1.00.a -phase csynth_design -d C:/Users/Vincent/Desktop/cnn-on-pynq-z2/hls_SingleFrameCNN/solution1
Execute       source C:/Users/Vincent/Desktop/cnn-on-pynq-z2/hls_SingleFrameCNN/solution1/.autopilot/db/global.setting.tcl 
INFO-FLOW: DBG:CMD: read_platform_lib C:/Users/Vincent/Desktop/cnn-on-pynq-z2/hls_SingleFrameCNN/solution1/.autopilot/db/global.setting.tcl
Execute       source D:/Xilinx/Vivado/2020.1/common/technology/generic/autopilot/common.gen 
Execute         source D:/Xilinx/Vivado/2020.1/common/technology/generic/autopilot/APCoreGen.gen 
Execute       source D:/Xilinx/Vivado/2020.1/common/technology/generic/autopilot/op.gen 
Execute       source D:/Xilinx/Vivado/2020.1/common/technology/generic/autopilot/op_simcore.gen 
Execute       source D:/Xilinx/Vivado/2020.1/common/technology/generic/autopilot/interface.gen 
Execute       source C:/Users/Vincent/Desktop/cnn-on-pynq-z2/hls_SingleFrameCNN/solution1/.autopilot/db/global.setting.tcl 
Execute       source D:/Xilinx/Vivado/2020.1/common/technology/xilinx/zynquplus/zynquplus.gen 
Execute         source D:/Xilinx/Vivado/2020.1/common/technology/xilinx/common/xilinx.gen 
Execute           source D:/Xilinx/Vivado/2020.1/common/technology/xilinx/interface/plb46.gen 
Execute           source D:/Xilinx/Vivado/2020.1/common/technology/xilinx/interface/fsl.gen 
Execute           source D:/Xilinx/Vivado/2020.1/common/technology/xilinx/interface/axi4.gen 
Execute           source D:/Xilinx/Vivado/2020.1/common/technology/xilinx/interface/nativeAXI4.gen 
Execute             source D:/Xilinx/Vivado/2020.1/common/technology/xilinx/interface/saxilite.gen 
Execute             source D:/Xilinx/Vivado/2020.1/common/technology/xilinx/interface/maxi.gen 
Execute           source D:/Xilinx/Vivado/2020.1/common/technology/xilinx/scripts/xilinxcoregen.gen 
Execute           source D:/Xilinx/Vivado/2020.1/common/technology/xilinx/interface/XilEDKCoreGen.gen 
Execute           source D:/Xilinx/Vivado/2020.1/common/technology/xilinx/ip/dds_compiler.gen 
Execute           source D:/Xilinx/Vivado/2020.1/common/technology/xilinx/ip/util.gen 
Execute           source D:/Xilinx/Vivado/2020.1/common/technology/xilinx/ip/xfft.gen 
Execute           source D:/Xilinx/Vivado/2020.1/common/technology/xilinx/ip/xfir.gen 
Execute           source D:/Xilinx/Vivado/2020.1/common/technology/xilinx/common/dsp48.gen 
Command         ap_source done; 0.115 sec.
Command       ap_source done; 0.115 sec.
Execute       source D:/Xilinx/Vivado/2020.1/common/technology/xilinx/zynquplus/zynquplus_fpv7.gen 
Execute         source D:/Xilinx/Vivado/2020.1/common/technology/xilinx/common/xilinx_fp.gen 
INFO-FLOW: DBG:CMD:       initCTypeInfo top_module=conv2d xml_exists=0
Execute       source C:/Users/Vincent/Desktop/cnn-on-pynq-z2/hls_SingleFrameCNN/solution1/.autopilot/db/conv2d.rtl_wrap.cfg.tcl 
Execute       source C:/Users/Vincent/Desktop/cnn-on-pynq-z2/hls_SingleFrameCNN/solution1/.autopilot/db/conv2d.rtl_wrap.cfg.tcl 
Execute       source C:/Users/Vincent/Desktop/cnn-on-pynq-z2/hls_SingleFrameCNN/solution1/.autopilot/db/conv2d.rtl_wrap.cfg.tcl 
Execute       source C:/Users/Vincent/Desktop/cnn-on-pynq-z2/hls_SingleFrameCNN/solution1/.autopilot/db/conv2d.tbgen.tcl 
Execute       source C:/Users/Vincent/Desktop/cnn-on-pynq-z2/hls_SingleFrameCNN/solution1/.autopilot/db/conv2d.tbgen.tcl 
INFO-FLOW: DBG:CMD:       export_impl_rtl
INFO-FLOW: DBG:CMD:       generate_ip_cores sim=0 export=0 expOnly=0 dstVlogDir=impl/.verilog
Execute       source C:/Users/Vincent/Desktop/cnn-on-pynq-z2/hls_SingleFrameCNN/solution1/.autopilot/db/global.setting.tcl 
Execute       source C:/Users/Vincent/Desktop/cnn-on-pynq-z2/hls_SingleFrameCNN/solution1/.autopilot/db/conv2d.compgen.tcl 
Execute         ap_part_info -name xczu7ev-ffvc1156-2-e -data names -quiet 
Execute         ap_part_info -name xczu7ev-ffvc1156-2-e -data info -quiet 
Execute         ap_part_info -name xczu7ev-ffvc1156-2-e -data names -quiet 
Execute         ap_part_info -name xczu7ev-ffvc1156-2-e -data info -quiet 
INFO-FLOW: DBG:CMD:       generate_ip_cores sim=0 export=1 expOnly=1 dstVlogDir=impl/.pcores/verilog
Execute       source C:/Users/Vincent/Desktop/cnn-on-pynq-z2/hls_SingleFrameCNN/solution1/.autopilot/db/global.setting.tcl 
Execute       source C:/Users/Vincent/Desktop/cnn-on-pynq-z2/hls_SingleFrameCNN/solution1/.autopilot/db/conv2d.compgen.tcl 
Execute         ap_part_info -name xczu7ev-ffvc1156-2-e -data names -quiet 
Execute         ap_part_info -name xczu7ev-ffvc1156-2-e -data info -quiet 
Execute         ap_part_info -name xczu7ev-ffvc1156-2-e -data names -quiet 
Execute         ap_part_info -name xczu7ev-ffvc1156-2-e -data info -quiet 
Execute         ap_part_info -name xczu7ev-ffvc1156-2-e -data names -quiet 
Execute         ap_part_info -name xczu7ev-ffvc1156-2-e -data info -quiet 
Execute         ap_part_info -name xczu7ev-ffvc1156-2-e -data names -quiet 
Execute         ap_part_info -name xczu7ev-ffvc1156-2-e -data info -quiet 
Execute         ap_part_info -name xczu7ev-ffvc1156-2-e -data names -quiet 
Execute         ap_part_info -name xczu7ev-ffvc1156-2-e -data info -quiet 
Execute         ap_part_info -name xczu7ev-ffvc1156-2-e -data names -quiet 
Execute         ap_part_info -name xczu7ev-ffvc1156-2-e -data info -quiet 
Execute       ap_part_info -name xczu7ev-ffvc1156-2-e -data names -quiet 
Execute       ap_part_info -name xczu7ev-ffvc1156-2-e -data info -quiet 
INFO-FLOW: DBG:CMD:       generate_ip_cores sim=0 export=0 expOnly=0 dstVlogDir=impl/.pcores/verilog_sim
Execute       source C:/Users/Vincent/Desktop/cnn-on-pynq-z2/hls_SingleFrameCNN/solution1/.autopilot/db/global.setting.tcl 
Execute       source C:/Users/Vincent/Desktop/cnn-on-pynq-z2/hls_SingleFrameCNN/solution1/.autopilot/db/conv2d.compgen.tcl 
Execute       ap_part_info -name xczu7ev-ffvc1156-2-e -data names -quiet 
Execute       ap_part_info -name xczu7ev-ffvc1156-2-e -data info -quiet 
Execute       ap_part_info -name xczu7ev-ffvc1156-2-e -data names -quiet 
Execute       ap_part_info -name xczu7ev-ffvc1156-2-e -data info -quiet 
Execute       source C:/Users/Vincent/Desktop/cnn-on-pynq-z2/hls_SingleFrameCNN/solution1/.autopilot/db/global.setting.tcl 
Execute       ap_part_info -name xczu7ev-ffvc1156-2-e -data names -quiet 
Execute       ap_part_info -name xczu7ev-ffvc1156-2-e -data info -quiet 
Execute       source C:/Users/Vincent/Desktop/cnn-on-pynq-z2/hls_SingleFrameCNN/solution1/.autopilot/db/conv2d.constraint.tcl 
Execute       source C:/Users/Vincent/Desktop/cnn-on-pynq-z2/hls_SingleFrameCNN/solution1/.autopilot/db/conv2d.tbgen.tcl 
INFO-FLOW: DBG:CMD:       hasPcoreIpAdapter=false #gSsdmPorts=12
INFO-FLOW: DBG:CMD: Skipping loadAnalyze_DB, #g_database=8
INFO-FLOW: DBG:CMD:       generate_json is_phase_csynth=1 g_has_adaptors=false generate_bd_files=1 #modelList=8 #gSsdmPorts=12
Execute       source D:/Xilinx/Vivado/2020.1/tps/tcl/tcllib1.11.1/fileutil/fileutil.tcl 
Execute         source D:/Xilinx/Vivado/2020.1/tps/tcl/tcllib1.11.1/cmdline/cmdline.tcl 
Execute       source C:/Users/Vincent/Desktop/cnn-on-pynq-z2/hls_SingleFrameCNN/solution1/.autopilot/db/global.setting.tcl 
Execute       source C:/Users/Vincent/Desktop/cnn-on-pynq-z2/hls_SingleFrameCNN/solution1/.autopilot/db/global.setting.tcl 
Execute       get_config_export -xo 
Execute       source C:/Users/Vincent/Desktop/cnn-on-pynq-z2/hls_SingleFrameCNN/solution1/.autopilot/db/conv2d.tbgen.tcl 
Execute       source C:/Users/Vincent/Desktop/cnn-on-pynq-z2/hls_SingleFrameCNN/solution1/.autopilot/db/conv2d.compgen.dataonly.tcl 
Execute       source C:/Users/Vincent/Desktop/cnn-on-pynq-z2/hls_SingleFrameCNN/solution1/.autopilot/db/conv2d.compgen.dataonly.tcl 
Execute       source C:/Users/Vincent/Desktop/cnn-on-pynq-z2/hls_SingleFrameCNN/solution1/.autopilot/db/conv2d.tbgen.tcl 
Execute       source C:/Users/Vincent/Desktop/cnn-on-pynq-z2/hls_SingleFrameCNN/solution1/.autopilot/db/conv2d.tbgen.tcl 
Execute       source C:/Users/Vincent/Desktop/cnn-on-pynq-z2/hls_SingleFrameCNN/solution1/.autopilot/db/global.setting.tcl 
Execute       get_config_sdx -target 
Execute       source C:/Users/Vincent/Desktop/cnn-on-pynq-z2/hls_SingleFrameCNN/solution1/.autopilot/db/conv2d.rtl_wrap.cfg.tcl 
Execute       source C:/Users/Vincent/Desktop/cnn-on-pynq-z2/hls_SingleFrameCNN/solution1/.autopilot/db/conv2d.compgen.dataonly.tcl 
Execute       source C:/Users/Vincent/Desktop/cnn-on-pynq-z2/hls_SingleFrameCNN/solution1/.autopilot/db/global.setting.tcl 
Execute       ap_part_info -name xczu7ev-ffvc1156-2-e -data names -quiet 
Execute       ap_part_info -name xczu7ev-ffvc1156-2-e -data info -quiet 
Execute       source C:/Users/Vincent/Desktop/cnn-on-pynq-z2/hls_SingleFrameCNN/solution1/.autopilot/db/conv2d.constraint.tcl 
Execute       sc_get_clocks conv2d 
Execute       ap_part_info -name xczu7ev-ffvc1156-2-e -data names -quiet 
Execute       ap_part_info -name xczu7ev-ffvc1156-2-e -data info -quiet 
Execute       source C:/Users/Vincent/Desktop/cnn-on-pynq-z2/hls_SingleFrameCNN/solution1/.autopilot/db/global.setting.tcl 
Execute       get_config_debug -directory 
Execute       source C:/Users/Vincent/Desktop/cnn-on-pynq-z2/hls_SingleFrameCNN/solution1/impl/misc/conv2d_ap_fadd_2_full_dsp_32_ip.tcl 
Execute       source C:/Users/Vincent/Desktop/cnn-on-pynq-z2/hls_SingleFrameCNN/solution1/impl/misc/conv2d_ap_fmul_0_max_dsp_32_ip.tcl 
Execute       source C:/Users/Vincent/Desktop/cnn-on-pynq-z2/hls_SingleFrameCNN/solution1/.autopilot/db/conv2d.tbgen.tcl 
Execute       get_config_sdx -target 
Execute       get_config_sdx -profile 
Execute       get_config_rtl -kernel_profile 
Execute       get_config_rtl -stall_sig_gen 
Execute       get_config_rtl -profile 
INFO-FLOW: DBG:CMD: add_json_sdx_info kernel file does not exist, skipping opencl info: C:/Users/Vincent/Desktop/cnn-on-pynq-z2/hls_SingleFrameCNN/solution1/.autopilot/db/kernel.internal.xml
INFO-FLOW: DBG:CMD:       delete-temp-dirs (skipped for debug)
INFO: [HLS 200-111] Finished generating all RTL models Time (s): cpu = 00:00:04 ; elapsed = 00:00:17 . Memory (MB): peak = 947.234 ; gain = 853.805
INFO: [VHDL 208-304] Generating VHDL RTL for conv2d.
INFO: [VLOG 209-307] Generating Verilog RTL for conv2d.
Command     autosyn done; 2.734 sec.
Command   csynth_design done; 15.399 sec.
Command ap_source done; 16.319 sec.
Execute cleanup_all 
INFO-FLOW: Workspace C:/Users/Vincent/Desktop/cnn-on-pynq-z2/hls_SingleFrameCNN/solution1 opened at Thu Sep 24 11:02:17 +0800 2020
Execute     config_clock -quiet -name default -period 10 -default=false 
INFO: [SYN 201-201] Setting up clock 'default' with a period of 10ns.
Execute     open_platform DefaultPlatform 
Execute     import_lib D:/Xilinx/Vivado/2020.1/common/technology/xilinx/zynquplus/zynquplus 
Execute       source D:/Xilinx/Vivado/2020.1/common/technology/xilinx/common/xilinx.lib 
Execute         source D:/Xilinx/Vivado/2020.1/common/technology/xilinx/interface/xilinx_interface.lib 
Execute           source D:/Xilinx/Vivado/2020.1/common/technology/xilinx/interface/plb46.lib 
Execute           source D:/Xilinx/Vivado/2020.1/common/technology/xilinx/interface/fsl.lib 
Execute           source D:/Xilinx/Vivado/2020.1/common/technology/xilinx/interface/axi4.lib 
Execute           source D:/Xilinx/Vivado/2020.1/common/technology/xilinx/interface/maxi.lib 
Execute           source D:/Xilinx/Vivado/2020.1/common/technology/xilinx/interface/saxilite.lib 
Execute         source D:/Xilinx/Vivado/2020.1/common/technology/xilinx/common/dsp48.lib 
Execute         source D:/Xilinx/Vivado/2020.1/common/technology/xilinx/ip/dds_compiler.lib 
Execute         source D:/Xilinx/Vivado/2020.1/common/technology/xilinx/ip/xfft.lib 
Execute         source D:/Xilinx/Vivado/2020.1/common/technology/xilinx/ip/xfir.lib 
Execute       source D:/Xilinx/Vivado/2020.1/common/technology/xilinx/common/xilinx.hlp 
Execute         source D:/Xilinx/Vivado/2020.1/common/technology/xilinx/common/target_info.tcl 
Execute         source D:/Xilinx/Vivado/2020.1/common/technology/xilinx/interface/xilinx_interface.hlp 
Execute           source D:/Xilinx/Vivado/2020.1/common/technology/xilinx/interface/maxi.hlp 
Execute           source D:/Xilinx/Vivado/2020.1/common/technology/xilinx/interface/saxilite.hlp 
Execute         source D:/Xilinx/Vivado/2020.1/common/technology/xilinx/common/dsp48.hlp 
Execute       source D:/Xilinx/Vivado/2020.1/common/technology/xilinx/zynquplus/dsp48e2.hlp 
Execute       source D:/Xilinx/Vivado/2020.1/common/technology/xilinx/common/xilinx.hlp 
Execute         source D:/Xilinx/Vivado/2020.1/common/technology/xilinx/common/target_info.tcl 
Execute         source D:/Xilinx/Vivado/2020.1/common/technology/xilinx/interface/xilinx_interface.hlp 
Execute           source D:/Xilinx/Vivado/2020.1/common/technology/xilinx/interface/maxi.hlp 
Execute           source D:/Xilinx/Vivado/2020.1/common/technology/xilinx/interface/saxilite.hlp 
Execute         source D:/Xilinx/Vivado/2020.1/common/technology/xilinx/common/dsp48.hlp 
Execute     source D:/Xilinx/Vivado/2020.1/common/technology/xilinx/zynquplus/zynquplus.gen 
Execute       source D:/Xilinx/Vivado/2020.1/common/technology/xilinx/common/xilinx.gen 
Execute         source D:/Xilinx/Vivado/2020.1/common/technology/xilinx/interface/plb46.gen 
Execute         source D:/Xilinx/Vivado/2020.1/common/technology/xilinx/interface/fsl.gen 
Execute         source D:/Xilinx/Vivado/2020.1/common/technology/xilinx/interface/axi4.gen 
Execute         source D:/Xilinx/Vivado/2020.1/common/technology/xilinx/interface/nativeAXI4.gen 
Execute           source D:/Xilinx/Vivado/2020.1/common/technology/xilinx/interface/saxilite.gen 
Execute           source D:/Xilinx/Vivado/2020.1/common/technology/xilinx/interface/maxi.gen 
Execute         source D:/Xilinx/Vivado/2020.1/common/technology/xilinx/scripts/xilinxcoregen.gen 
Execute         source D:/Xilinx/Vivado/2020.1/common/technology/xilinx/interface/XilEDKCoreGen.gen 
Execute         source D:/Xilinx/Vivado/2020.1/common/technology/xilinx/ip/dds_compiler.gen 
Execute         source D:/Xilinx/Vivado/2020.1/common/technology/xilinx/ip/util.gen 
Execute         source D:/Xilinx/Vivado/2020.1/common/technology/xilinx/ip/xfft.gen 
Execute         source D:/Xilinx/Vivado/2020.1/common/technology/xilinx/ip/xfir.gen 
Execute         source D:/Xilinx/Vivado/2020.1/common/technology/xilinx/common/dsp48.gen 
Command       ap_source done; 0.122 sec.
Command     ap_source done; 0.122 sec.
Execute     open_platform DefaultPlatform 
Execute     import_lib D:/Xilinx/Vivado/2020.1/common/technology/xilinx/zynquplus/zynquplus_fpv7 
Execute       source D:/Xilinx/Vivado/2020.1/common/technology/xilinx/common/xilinx_fp.lib 
Execute       source D:/Xilinx/Vivado/2020.1/common/technology/xilinx/common/xilinx_fp.hlp 
Execute         source D:/Xilinx/Vivado/2020.1/common/technology/xilinx/common/xilinx.hlp 
Execute           source D:/Xilinx/Vivado/2020.1/common/technology/xilinx/common/target_info.tcl 
Execute           source D:/Xilinx/Vivado/2020.1/common/technology/xilinx/interface/xilinx_interface.hlp 
Execute             source D:/Xilinx/Vivado/2020.1/common/technology/xilinx/interface/maxi.hlp 
Execute             source D:/Xilinx/Vivado/2020.1/common/technology/xilinx/interface/saxilite.hlp 
Execute           source D:/Xilinx/Vivado/2020.1/common/technology/xilinx/common/dsp48.hlp 
Execute     source D:/Xilinx/Vivado/2020.1/common/technology/xilinx/zynquplus/zynquplus_fpv7.gen 
Execute       source D:/Xilinx/Vivado/2020.1/common/technology/xilinx/common/xilinx_fp.gen 
Execute     set_part xczu7ev-ffvc1156-2-e 
Execute       ap_part_info -name xczu7ev-ffvc1156-2-e -data single -quiet 
Command       ap_part_info done; 0.495 sec.
Execute       ap_part_info -name xczu7ev-ffvc1156-2-e -data info 
Execute       add_library xilinx/zynquplus/zynquplus:xczu7ev:-ffvc1156:-2-e 
Execute         get_default_platform 
Execute         ap_part_info -data single -name xczu7ev-ffvc1156-2-e 
Execute         ap_part_info -name xczu7ev-ffvc1156-2-e -data resources 
Execute         ap_part_info -name xczu7ev-ffvc1156-2-e -data info 
Execute         ap_part_info -name xczu7ev-ffvc1156-2-e -data info 
Execute         config_chip_info -quiet -resource {SLICE 28800} {LUT 230400} {FF 460800} {DSP48E 1728} {BRAM 624} {URAM 96} 
Execute         ap_part_info -name xczu7ev-ffvc1156-2-e -data info 
Execute         config_chip_info -quiet -speed medium 
Execute       add_library xilinx/zynquplus/zynquplus_fpv7 
Execute         get_default_platform 
INFO: [HLS 200-10] Setting target device to 'xczu7ev-ffvc1156-2-e'
Execute       ap_part_info -name xczu7ev-ffvc1156-2-e -data info 
Execute       get_default_platform 
Command     set_part done; 0.622 sec.
Execute     ap_part_info -data single -name xczu7ev-ffvc1156-2-e 
Execute     ap_part_info -name xczu7ev-ffvc1156-2-e -data resources 
Execute     ap_part_info -name xczu7ev-ffvc1156-2-e -data info 
Execute     ap_part_info -name xczu7ev-ffvc1156-2-e -data info 
Execute     config_chip_info -quiet -resource {SLICE 28800} {LUT 230400} {FF 460800} {DSP48E 1728} {BRAM 624} {URAM 96} 
Execute     ap_part_info -name xczu7ev-ffvc1156-2-e -data info 
Execute     config_chip_info -quiet -speed medium 
Command   open_solution done; 0.807 sec.
Execute   export_design -rtl verilog -format ip_catalog 
Execute     get_config_export -acc 
Execute     get_config_export -clock_margin 
Execute     get_config_export -custom_script 
Execute     get_config_export -description 
Execute     get_config_export -display_name 
Execute     get_config_export -driver_input_dir 
Execute     get_config_export -ipname 
Execute     get_config_export -kernel_drc 
Execute     get_config_export -library 
Execute     get_config_export -qor_test 
Execute     get_config_export -sdaccel 
Execute     get_config_export -sim 
Execute     get_config_export -taxonomy 
Execute     get_config_export -use_ip 
Execute     get_config_export -use_netlist 
Execute     get_config_export -vendor 
Execute     get_config_export -version 
Execute     get_config_export -xo 
Execute     config_export -format=ip_catalog -rtl=verilog 
INFO-FLOW: DBG:CMD: export_design_wrap: -format ip_catalog -rtl verilog
Execute     source C:/Users/Vincent/Desktop/cnn-on-pynq-z2/hls_SingleFrameCNN/solution1/.autopilot/db/global.setting.tcl 
Execute     get_config_export -vivado_clock 
Execute     get_top 
Execute     get_config_sdx -target 
Execute     get_config_rtl -module_auto_prefix 
Execute     get_config_sdx -target 
Execute     get_config_sdx -target 
INFO-FLOW: DBG:CMD:   auto_impl: pack: -export -tool vivado -rtl verilog -sdx-target none
Execute     source C:/Users/Vincent/Desktop/cnn-on-pynq-z2/hls_SingleFrameCNN/solution1/.autopilot/db/global.setting.tcl 
INFO-FLOW: DBG:CMD: read_platform_lib C:/Users/Vincent/Desktop/cnn-on-pynq-z2/hls_SingleFrameCNN/solution1/.autopilot/db/global.setting.tcl
Execute     source D:/Xilinx/Vivado/2020.1/common/technology/generic/autopilot/common.gen 
Execute       source D:/Xilinx/Vivado/2020.1/common/technology/generic/autopilot/APCoreGen.gen 
Execute     source D:/Xilinx/Vivado/2020.1/common/technology/generic/autopilot/op.gen 
Execute     source D:/Xilinx/Vivado/2020.1/common/technology/generic/autopilot/op_simcore.gen 
Execute     source D:/Xilinx/Vivado/2020.1/common/technology/generic/autopilot/interface.gen 
Execute     source C:/Users/Vincent/Desktop/cnn-on-pynq-z2/hls_SingleFrameCNN/solution1/.autopilot/db/global.setting.tcl 
Execute     source D:/Xilinx/Vivado/2020.1/common/technology/xilinx/zynquplus/zynquplus.gen 
Execute       source D:/Xilinx/Vivado/2020.1/common/technology/xilinx/common/xilinx.gen 
Execute         source D:/Xilinx/Vivado/2020.1/common/technology/xilinx/interface/plb46.gen 
Execute         source D:/Xilinx/Vivado/2020.1/common/technology/xilinx/interface/fsl.gen 
Execute         source D:/Xilinx/Vivado/2020.1/common/technology/xilinx/interface/axi4.gen 
Execute         source D:/Xilinx/Vivado/2020.1/common/technology/xilinx/interface/nativeAXI4.gen 
Execute           source D:/Xilinx/Vivado/2020.1/common/technology/xilinx/interface/saxilite.gen 
Execute           source D:/Xilinx/Vivado/2020.1/common/technology/xilinx/interface/maxi.gen 
Execute         source D:/Xilinx/Vivado/2020.1/common/technology/xilinx/scripts/xilinxcoregen.gen 
Execute         source D:/Xilinx/Vivado/2020.1/common/technology/xilinx/interface/XilEDKCoreGen.gen 
Execute         source D:/Xilinx/Vivado/2020.1/common/technology/xilinx/ip/dds_compiler.gen 
Execute         source D:/Xilinx/Vivado/2020.1/common/technology/xilinx/ip/util.gen 
Execute         source D:/Xilinx/Vivado/2020.1/common/technology/xilinx/ip/xfft.gen 
Execute         source D:/Xilinx/Vivado/2020.1/common/technology/xilinx/ip/xfir.gen 
Execute         source D:/Xilinx/Vivado/2020.1/common/technology/xilinx/common/dsp48.gen 
Command       ap_source done; 0.125 sec.
Command     ap_source done; 0.125 sec.
Execute     source D:/Xilinx/Vivado/2020.1/common/technology/xilinx/zynquplus/zynquplus_fpv7.gen 
Execute       source D:/Xilinx/Vivado/2020.1/common/technology/xilinx/common/xilinx_fp.gen 
INFO-FLOW: DBG:CMD:   using AESL_AUTOCG::g_clock_period=10.000 (was NA)
Execute     ap_part_info -name xczu7ev-ffvc1156-2-e -data names -quiet 
Execute     ap_part_info -name xczu7ev-ffvc1156-2-e -data info -quiet 
Execute     source C:/Users/Vincent/Desktop/cnn-on-pynq-z2/hls_SingleFrameCNN/solution1/.autopilot/db/global.setting.tcl 
INFO: [IMPL 213-8] Exporting RTL as a Vivado IP.
Execute     source C:/Users/Vincent/Desktop/cnn-on-pynq-z2/hls_SingleFrameCNN/solution1/.autopilot/db/global.setting.tcl 
INFO-FLOW: DBG:CMD: automg_wrap -export -pcore_version 1.00.a -rtl vlog -sdx-target none -tool Vivado -impltomg_flag
INFO-FLOW: DBG:CMD:     auto_generate -export -pcore_version 1.00.a -rtl vlog -sdx-target none -tool Vivado -impltomg_flag
Execute     source C:/Users/Vincent/Desktop/cnn-on-pynq-z2/hls_SingleFrameCNN/solution1/.autopilot/db/global.setting.tcl 
INFO-FLOW: DBG:CMD: read_platform_lib C:/Users/Vincent/Desktop/cnn-on-pynq-z2/hls_SingleFrameCNN/solution1/.autopilot/db/global.setting.tcl
Execute     source D:/Xilinx/Vivado/2020.1/common/technology/generic/autopilot/common.gen 
Execute       source D:/Xilinx/Vivado/2020.1/common/technology/generic/autopilot/APCoreGen.gen 
Execute     source D:/Xilinx/Vivado/2020.1/common/technology/generic/autopilot/op.gen 
Execute     source D:/Xilinx/Vivado/2020.1/common/technology/generic/autopilot/op_simcore.gen 
Execute     source D:/Xilinx/Vivado/2020.1/common/technology/generic/autopilot/interface.gen 
Execute     source C:/Users/Vincent/Desktop/cnn-on-pynq-z2/hls_SingleFrameCNN/solution1/.autopilot/db/global.setting.tcl 
Execute     source D:/Xilinx/Vivado/2020.1/common/technology/xilinx/zynquplus/zynquplus.gen 
Execute       source D:/Xilinx/Vivado/2020.1/common/technology/xilinx/common/xilinx.gen 
Execute         source D:/Xilinx/Vivado/2020.1/common/technology/xilinx/interface/plb46.gen 
Execute         source D:/Xilinx/Vivado/2020.1/common/technology/xilinx/interface/fsl.gen 
Execute         source D:/Xilinx/Vivado/2020.1/common/technology/xilinx/interface/axi4.gen 
Execute         source D:/Xilinx/Vivado/2020.1/common/technology/xilinx/interface/nativeAXI4.gen 
Execute           source D:/Xilinx/Vivado/2020.1/common/technology/xilinx/interface/saxilite.gen 
Execute           source D:/Xilinx/Vivado/2020.1/common/technology/xilinx/interface/maxi.gen 
Execute         source D:/Xilinx/Vivado/2020.1/common/technology/xilinx/scripts/xilinxcoregen.gen 
Execute         source D:/Xilinx/Vivado/2020.1/common/technology/xilinx/interface/XilEDKCoreGen.gen 
Execute         source D:/Xilinx/Vivado/2020.1/common/technology/xilinx/ip/dds_compiler.gen 
Execute         source D:/Xilinx/Vivado/2020.1/common/technology/xilinx/ip/util.gen 
Execute         source D:/Xilinx/Vivado/2020.1/common/technology/xilinx/ip/xfft.gen 
Execute         source D:/Xilinx/Vivado/2020.1/common/technology/xilinx/ip/xfir.gen 
Execute         source D:/Xilinx/Vivado/2020.1/common/technology/xilinx/common/dsp48.gen 
Command       ap_source done; 0.118 sec.
Command     ap_source done; 0.118 sec.
Execute     source D:/Xilinx/Vivado/2020.1/common/technology/xilinx/zynquplus/zynquplus_fpv7.gen 
Execute       source D:/Xilinx/Vivado/2020.1/common/technology/xilinx/common/xilinx_fp.gen 
INFO-FLOW: DBG:CMD:       initCTypeInfo top_module=conv2d xml_exists=1
Execute     source C:/Users/Vincent/Desktop/cnn-on-pynq-z2/hls_SingleFrameCNN/solution1/.autopilot/db/conv2d.rtl_wrap.cfg.tcl 
Execute     source C:/Users/Vincent/Desktop/cnn-on-pynq-z2/hls_SingleFrameCNN/solution1/.autopilot/db/conv2d.rtl_wrap.cfg.tcl 
Execute     source C:/Users/Vincent/Desktop/cnn-on-pynq-z2/hls_SingleFrameCNN/solution1/.autopilot/db/conv2d.rtl_wrap.cfg.tcl 
Execute     source C:/Users/Vincent/Desktop/cnn-on-pynq-z2/hls_SingleFrameCNN/solution1/.autopilot/db/conv2d.tbgen.tcl 
Execute     source C:/Users/Vincent/Desktop/cnn-on-pynq-z2/hls_SingleFrameCNN/solution1/.autopilot/db/conv2d.tbgen.tcl 
INFO-FLOW: DBG:CMD:       export_impl_rtl
INFO-FLOW: DBG:CMD:       generate_ip_cores sim=0 export=0 expOnly=0 dstVlogDir=impl/.verilog
Execute     source C:/Users/Vincent/Desktop/cnn-on-pynq-z2/hls_SingleFrameCNN/solution1/.autopilot/db/global.setting.tcl 
Execute     source C:/Users/Vincent/Desktop/cnn-on-pynq-z2/hls_SingleFrameCNN/solution1/.autopilot/db/conv2d.compgen.tcl 
Execute       ap_part_info -name xczu7ev-ffvc1156-2-e -data names -quiet 
Execute       ap_part_info -name xczu7ev-ffvc1156-2-e -data info -quiet 
Execute       ap_part_info -name xczu7ev-ffvc1156-2-e -data names -quiet 
Execute       ap_part_info -name xczu7ev-ffvc1156-2-e -data info -quiet 
INFO-FLOW: DBG:CMD:       generate_ip_cores sim=0 export=1 expOnly=1 dstVlogDir=impl/.pcores/verilog
Execute     source C:/Users/Vincent/Desktop/cnn-on-pynq-z2/hls_SingleFrameCNN/solution1/.autopilot/db/global.setting.tcl 
Execute     source C:/Users/Vincent/Desktop/cnn-on-pynq-z2/hls_SingleFrameCNN/solution1/.autopilot/db/conv2d.compgen.tcl 
Execute       ap_part_info -name xczu7ev-ffvc1156-2-e -data names -quiet 
Execute       ap_part_info -name xczu7ev-ffvc1156-2-e -data info -quiet 
Execute       ap_part_info -name xczu7ev-ffvc1156-2-e -data names -quiet 
Execute       ap_part_info -name xczu7ev-ffvc1156-2-e -data info -quiet 
Execute       ap_part_info -name xczu7ev-ffvc1156-2-e -data names -quiet 
Execute       ap_part_info -name xczu7ev-ffvc1156-2-e -data info -quiet 
Execute       ap_part_info -name xczu7ev-ffvc1156-2-e -data names -quiet 
Execute       ap_part_info -name xczu7ev-ffvc1156-2-e -data info -quiet 
Execute       ap_part_info -name xczu7ev-ffvc1156-2-e -data names -quiet 
Execute       ap_part_info -name xczu7ev-ffvc1156-2-e -data info -quiet 
Execute       ap_part_info -name xczu7ev-ffvc1156-2-e -data names -quiet 
Execute       ap_part_info -name xczu7ev-ffvc1156-2-e -data info -quiet 
Execute     ap_part_info -name xczu7ev-ffvc1156-2-e -data names -quiet 
Execute     ap_part_info -name xczu7ev-ffvc1156-2-e -data info -quiet 
INFO-FLOW: DBG:CMD:       generate_ip_cores sim=0 export=0 expOnly=0 dstVlogDir=impl/.pcores/verilog_sim
Execute     source C:/Users/Vincent/Desktop/cnn-on-pynq-z2/hls_SingleFrameCNN/solution1/.autopilot/db/global.setting.tcl 
Execute     source C:/Users/Vincent/Desktop/cnn-on-pynq-z2/hls_SingleFrameCNN/solution1/.autopilot/db/conv2d.compgen.tcl 
Execute     ap_part_info -name xczu7ev-ffvc1156-2-e -data names -quiet 
Execute     ap_part_info -name xczu7ev-ffvc1156-2-e -data info -quiet 
Execute     ap_part_info -name xczu7ev-ffvc1156-2-e -data names -quiet 
Execute     ap_part_info -name xczu7ev-ffvc1156-2-e -data info -quiet 
Execute     source C:/Users/Vincent/Desktop/cnn-on-pynq-z2/hls_SingleFrameCNN/solution1/.autopilot/db/global.setting.tcl 
Execute     ap_part_info -name xczu7ev-ffvc1156-2-e -data names -quiet 
Execute     ap_part_info -name xczu7ev-ffvc1156-2-e -data info -quiet 
Execute     source C:/Users/Vincent/Desktop/cnn-on-pynq-z2/hls_SingleFrameCNN/solution1/.autopilot/db/conv2d.constraint.tcl 
Execute     source C:/Users/Vincent/Desktop/cnn-on-pynq-z2/hls_SingleFrameCNN/solution1/.autopilot/db/conv2d.tbgen.tcl 
INFO-FLOW: DBG:CMD:       hasPcoreIpAdapter=false #gSsdmPorts=12
INFO-FLOW: DBG:CMD:       copying IP vlog from C:/Users/Vincent/Desktop/cnn-on-pynq-z2/hls_SingleFrameCNN/solution1/impl/verilog
INFO-FLOW: DBG:CMD:       copying IP vhdl from C:/Users/Vincent/Desktop/cnn-on-pynq-z2/hls_SingleFrameCNN/solution1/impl/vhdl
INFO-FLOW: DBG:CMD:       copy ip_driver_dir 1_0 C:/Users/Vincent/Desktop/cnn-on-pynq-z2/hls_SingleFrameCNN/solution1/.autopilot/db/driver
INFO-FLOW: DBG:CMD:       generate_ip_script #gSsdmPorts=12
Execute     ap_part_info -name xczu7ev-ffvc1156-2-e -data names -quiet 
Execute     ap_part_info -name xczu7ev-ffvc1156-2-e -data info -quiet 
Execute     ap_part_info -name xczu7ev-ffvc1156-2-e -data names -quiet 
Execute     ap_part_info -name xczu7ev-ffvc1156-2-e -data info -quiet 
Execute     source C:/Users/Vincent/Desktop/cnn-on-pynq-z2/hls_SingleFrameCNN/solution1/.autopilot/db/conv2d.compgen.dataonly.tcl 
Execute     source C:/Users/Vincent/Desktop/cnn-on-pynq-z2/hls_SingleFrameCNN/solution1/.autopilot/db/conv2d.compgen.dataonly.tcl 
Execute     source C:/Users/Vincent/Desktop/cnn-on-pynq-z2/hls_SingleFrameCNN/solution1/.autopilot/db/conv2d.tbgen.tcl 
Execute     source C:/Users/Vincent/Desktop/cnn-on-pynq-z2/hls_SingleFrameCNN/solution1/.autopilot/db/conv2d.tbgen.tcl 
Execute     source C:/Users/Vincent/Desktop/cnn-on-pynq-z2/hls_SingleFrameCNN/solution1/.autopilot/db/global.setting.tcl 
Execute     get_config_sdx -target 
Execute     get_config_debug -directory 
INFO-FLOW: DBG:CMD:       generate_ip_auxiliary
Execute     ap_part_info -name xczu7ev-ffvc1156-2-e -data names -quiet 
Execute     ap_part_info -name xczu7ev-ffvc1156-2-e -data info -quiet 
Execute     source C:/Users/Vincent/Desktop/cnn-on-pynq-z2/hls_SingleFrameCNN/solution1/.autopilot/db/global.setting.tcl 
INFO-FLOW: DBG:CMD:       prepArgInfo -> loadAnalyze_DB top_module=conv2d
Execute     source C:/Users/Vincent/Desktop/cnn-on-pynq-z2/hls_SingleFrameCNN/solution1/.autopilot/db/conv2d.rtl_wrap.cfg.tcl 
Execute     source C:/Users/Vincent/Desktop/cnn-on-pynq-z2/hls_SingleFrameCNN/solution1/.autopilot/db/conv2d.rtl_wrap.cfg.tcl 
Execute     source C:/Users/Vincent/Desktop/cnn-on-pynq-z2/hls_SingleFrameCNN/solution1/.autopilot/db/conv2d.rtl_wrap.cfg.tcl 
Execute     source C:/Users/Vincent/Desktop/cnn-on-pynq-z2/hls_SingleFrameCNN/solution1/.autopilot/db/conv2d.tbgen.tcl 
Execute     source C:/Users/Vincent/Desktop/cnn-on-pynq-z2/hls_SingleFrameCNN/solution1/.autopilot/db/conv2d.tbgen.tcl 
Execute     source C:/Users/Vincent/Desktop/cnn-on-pynq-z2/hls_SingleFrameCNN/solution1/.autopilot/db/conv2d.tbgen.tcl 
INFO-FLOW: DBG:CMD:       generate_top_info
INFO-FLOW: DBG:CMD:       prepArgInfo -> loadAnalyze_DB top_module=conv2d
Execute     source C:/Users/Vincent/Desktop/cnn-on-pynq-z2/hls_SingleFrameCNN/solution1/.autopilot/db/conv2d.rtl_wrap.cfg.tcl 
Execute     source C:/Users/Vincent/Desktop/cnn-on-pynq-z2/hls_SingleFrameCNN/solution1/.autopilot/db/conv2d.rtl_wrap.cfg.tcl 
Execute     source C:/Users/Vincent/Desktop/cnn-on-pynq-z2/hls_SingleFrameCNN/solution1/.autopilot/db/conv2d.rtl_wrap.cfg.tcl 
Execute     source C:/Users/Vincent/Desktop/cnn-on-pynq-z2/hls_SingleFrameCNN/solution1/.autopilot/db/conv2d.tbgen.tcl 
Execute     source C:/Users/Vincent/Desktop/cnn-on-pynq-z2/hls_SingleFrameCNN/solution1/.autopilot/db/conv2d.tbgen.tcl 
Execute     ap_part_info -name xczu7ev-ffvc1156-2-e -data names -quiet 
Execute     ap_part_info -name xczu7ev-ffvc1156-2-e -data info -quiet 
Execute     source C:/Users/Vincent/Desktop/cnn-on-pynq-z2/hls_SingleFrameCNN/solution1/.autopilot/db/global.setting.tcl 
Execute     ap_part_info -name xczu7ev-ffvc1156-2-e -data names -quiet 
Execute     ap_part_info -name xczu7ev-ffvc1156-2-e -data info -quiet 
INFO-FLOW: DBG:CMD:       generate_ip_bd_script
Execute     ap_part_info -name xczu7ev-ffvc1156-2-e -data names -quiet 
Execute     ap_part_info -name xczu7ev-ffvc1156-2-e -data info -quiet 
Execute     ap_part_info -name xczu7ev-ffvc1156-2-e -data names -quiet 
Execute     ap_part_info -name xczu7ev-ffvc1156-2-e -data info -quiet 
Execute     source C:/Users/Vincent/Desktop/cnn-on-pynq-z2/hls_SingleFrameCNN/solution1/.autopilot/db/conv2d.tbgen.tcl 
Execute     source C:/Users/Vincent/Desktop/cnn-on-pynq-z2/hls_SingleFrameCNN/solution1/.autopilot/db/global.setting.tcl 
Execute     source C:/Users/Vincent/Desktop/cnn-on-pynq-z2/hls_SingleFrameCNN/solution1/.autopilot/db/conv2d.constraint.tcl 
INFO-FLOW: DBG:CMD:       generate_ipi_example_script
Execute     ap_part_info -name xczu7ev-ffvc1156-2-e -data names -quiet 
Execute     ap_part_info -name xczu7ev-ffvc1156-2-e -data info -quiet 
Execute     ap_part_info -name xczu7ev-ffvc1156-2-e -data names -quiet 
Execute     ap_part_info -name xczu7ev-ffvc1156-2-e -data info -quiet 
INFO-FLOW: DBG:CMD:       generate_syn_sh
Execute     ap_part_info -name xczu7ev-ffvc1156-2-e -data names -quiet 
Execute     ap_part_info -name xczu7ev-ffvc1156-2-e -data info -quiet 
Execute     source C:/Users/Vincent/Desktop/cnn-on-pynq-z2/hls_SingleFrameCNN/solution1/.autopilot/db/global.setting.tcl 
INFO-FLOW: DBG:CMD:       generate_imp_constraints
Execute     ap_part_info -name xczu7ev-ffvc1156-2-e -data names -quiet 
Execute     ap_part_info -name xczu7ev-ffvc1156-2-e -data info -quiet 
Execute     source C:/Users/Vincent/Desktop/cnn-on-pynq-z2/hls_SingleFrameCNN/solution1/.autopilot/db/conv2d.constraint.tcl 
Execute     source C:/Users/Vincent/Desktop/cnn-on-pynq-z2/hls_SingleFrameCNN/solution1/.autopilot/db/conv2d.tbgen.tcl 
INFO-FLOW: DBG:CMD:       delete-temp-dirs (skipped for debug)
Execute     ap_part_info -name xczu7ev-ffvc1156-2-e -data names -quiet 
Execute     ap_part_info -name xczu7ev-ffvc1156-2-e -data info -quiet 
INFO-FLOW: DBG:CMD: read_platform_lib C:/Users/Vincent/Desktop/cnn-on-pynq-z2/hls_SingleFrameCNN/solution1/.autopilot/db/global.setting.tcl
Execute     source D:/Xilinx/Vivado/2020.1/common/technology/generic/autopilot/common.gen 
Execute       source D:/Xilinx/Vivado/2020.1/common/technology/generic/autopilot/APCoreGen.gen 
Execute     source D:/Xilinx/Vivado/2020.1/common/technology/generic/autopilot/op.gen 
Execute     source D:/Xilinx/Vivado/2020.1/common/technology/generic/autopilot/op_simcore.gen 
Execute     source D:/Xilinx/Vivado/2020.1/common/technology/generic/autopilot/interface.gen 
Execute     source C:/Users/Vincent/Desktop/cnn-on-pynq-z2/hls_SingleFrameCNN/solution1/.autopilot/db/global.setting.tcl 
Execute     source D:/Xilinx/Vivado/2020.1/common/technology/xilinx/zynquplus/zynquplus.gen 
Execute       source D:/Xilinx/Vivado/2020.1/common/technology/xilinx/common/xilinx.gen 
Execute         source D:/Xilinx/Vivado/2020.1/common/technology/xilinx/interface/plb46.gen 
Execute         source D:/Xilinx/Vivado/2020.1/common/technology/xilinx/interface/fsl.gen 
Execute         source D:/Xilinx/Vivado/2020.1/common/technology/xilinx/interface/axi4.gen 
Execute         source D:/Xilinx/Vivado/2020.1/common/technology/xilinx/interface/nativeAXI4.gen 
Execute           source D:/Xilinx/Vivado/2020.1/common/technology/xilinx/interface/saxilite.gen 
Execute           source D:/Xilinx/Vivado/2020.1/common/technology/xilinx/interface/maxi.gen 
Execute         source D:/Xilinx/Vivado/2020.1/common/technology/xilinx/scripts/xilinxcoregen.gen 
Execute         source D:/Xilinx/Vivado/2020.1/common/technology/xilinx/interface/XilEDKCoreGen.gen 
Execute         source D:/Xilinx/Vivado/2020.1/common/technology/xilinx/ip/dds_compiler.gen 
Execute         source D:/Xilinx/Vivado/2020.1/common/technology/xilinx/ip/util.gen 
Execute         source D:/Xilinx/Vivado/2020.1/common/technology/xilinx/ip/xfft.gen 
Execute         source D:/Xilinx/Vivado/2020.1/common/technology/xilinx/ip/xfir.gen 
Execute         source D:/Xilinx/Vivado/2020.1/common/technology/xilinx/common/dsp48.gen 
Command       ap_source done; 0.117 sec.
Command     ap_source done; 0.117 sec.
Execute     source D:/Xilinx/Vivado/2020.1/common/technology/xilinx/zynquplus/zynquplus_fpv7.gen 
Execute       source D:/Xilinx/Vivado/2020.1/common/technology/xilinx/common/xilinx_fp.gen 
Execute     ap_part_info -name xczu7ev-ffvc1156-2-e -data names -quiet 
Execute     ap_part_info -name xczu7ev-ffvc1156-2-e -data info -quiet 
INFO-FLOW: DBG:CMD:     exec C:/Users/Vincent/Desktop/cnn-on-pynq-z2/hls_SingleFrameCNN/solution1/impl/ip/pack.bat
Command   export_design done; 29.842 sec.
Command ap_source done; 30.663 sec.
Execute cleanup_all 
