INFO: [SIM 2] *************** CSIM start ***************
INFO: [SIM 4] CSIM will launch GCC as the compiler.
   Compiling ../../../../src_code_v3/tb_conv2d.cpp in debug mode
   Compiling ../../../../src_code_v3/conv2d.cpp in debug mode
   Generating csim.exe

=====Output Feature Map=======
3.0  3.0  3.0  3.0  3.0  3.0  3.0  3.0  3.0  3.0  3.0  3.0  3.0  3.0  3.0  3.0  3.0  3.0  3.0  3.0  3.0  3.0  3.0  3.0  3.0  3.0  3.0  3.0  3.0  3.0  
3.0  3.0  3.0  3.0  3.0  3.0  3.0  3.0  3.0  3.0  3.0  3.0  3.0  3.0  3.0  3.0  3.0  3.0  3.0  3.0  3.0  3.0  3.0  3.0  3.0  3.0  3.0  3.0  3.0  3.0  
3.0  3.0  3.0  3.0  3.0  3.0  3.0  3.0  3.0  3.0  3.0  3.0  3.0  3.0  3.0  3.0  3.0  3.0  3.0  3.0  3.0  3.0  3.0  3.0  3.0  3.0  3.0  3.0  3.0  3.0  
3.0  3.0  3.0  3.0  3.0  3.0  3.0  3.0  3.0  3.0  3.0  3.0  3.0  3.0  3.0  3.0  3.0  3.0  3.0  3.0  3.0  3.0  3.0  3.0  3.0  3.0  3.0  3.0  3.0  3.0  
3.0  3.0  3.0  3.0  3.0  3.0  3.0  3.0  3.0  3.0  3.0  3.0  3.0  3.0  3.0  3.0  3.0  3.0  3.0  3.0  3.0  3.0  3.0  3.0  3.0  3.0  3.0  3.0  3.0  3.0  
3.0  3.0  3.0  3.0  3.0  3.0  3.0  3.0  3.0  3.0  3.0  3.0  3.0  3.0  3.0  3.0  3.0  3.0  3.0  3.0  3.0  3.0  3.0  3.0  3.0  3.0  3.0  3.0  3.0  3.0  
3.0  3.0  3.0  3.0  3.0  3.0  3.0  3.0  3.0  3.0  3.0  3.0  3.0  3.0  3.0  3.0  3.0  3.0  3.0  3.0  3.0  3.0  3.0  3.0  3.0  3.0  3.0  3.0  3.0  3.0  
3.0  3.0  3.0  3.0  3.0  3.0  3.0  3.0  3.0  3.0  3.0  3.0  3.0  3.0  3.0  3.0  3.0  3.0  3.0  3.0  3.0  3.0  3.0  3.0  3.0  3.0  3.0  3.0  3.0  3.0  
3.0  3.0  3.0  3.0  3.0  3.0  3.0  3.0  3.0  3.0  3.0  3.0  3.0  3.0  3.0  3.0  3.0  3.0  3.0  3.0  3.0  3.0  3.0  3.0  3.0  3.0  3.0  3.0  3.0  3.0  
3.0  3.0  3.0  3.0  3.0  3.0  3.0  3.0  3.0  3.0  3.0  3.0  3.0  3.0  3.0  3.0  3.0  3.0  3.0  3.0  3.0  3.0  3.0  3.0  3.0  3.0  3.0  3.0  3.0  3.0  
3.0  3.0  3.0  3.0  3.0  3.0  3.0  3.0  3.0  3.0  3.0  3.0  3.0  3.0  3.0  3.0  3.0  3.0  3.0  3.0  3.0  3.0  3.0  3.0  3.0  3.0  3.0  3.0  3.0  3.0  
3.0  3.0  3.0  3.0  3.0  3.0  3.0  3.0  3.0  3.0  3.0  3.0  3.0  3.0  3.0  3.0  3.0  3.0  3.0  3.0  3.0  3.0  3.0  3.0  3.0  3.0  3.0  3.0  3.0  3.0  
3.0  3.0  3.0  3.0  3.0  3.0  3.0  3.0  3.0  3.0  3.0  3.0  3.0  3.0  3.0  3.0  3.0  3.0  3.0  3.0  3.0  3.0  3.0  3.0  3.0  3.0  3.0  3.0  3.0  3.0  
3.0  3.0  3.0  3.0  3.0  3.0  3.0  3.0  3.0  3.0  3.0  3.0  3.0  3.0  3.0  3.0  3.0  3.0  3.0  3.0  3.0  3.0  3.0  3.0  3.0  3.0  3.0  3.0  3.0  3.0  
3.0  3.0  3.0  3.0  3.0  3.0  3.0  3.0  3.0  3.0  3.0  3.0  3.0  3.0  3.0  3.0  3.0  3.0  3.0  3.0  3.0  3.0  3.0  3.0  3.0  3.0  3.0  3.0  3.0  3.0  
3.0  3.0  3.0  3.0  3.0  3.0  3.0  3.0  3.0  3.0  3.0  3.0  3.0  3.0  3.0  3.0  3.0  3.0  3.0  3.0  3.0  3.0  3.0  3.0  3.0  3.0  3.0  3.0  3.0  3.0  
3.0  3.0  3.0  3.0  3.0  3.0  3.0  3.0  3.0  3.0  3.0  3.0  3.0  3.0  3.0  3.0  3.0  3.0  3.0  3.0  3.0  3.0  3.0  3.0  3.0  3.0  3.0  3.0  3.0  3.0  
3.0  3.0  3.0  3.0  3.0  3.0  3.0  3.0  3.0  3.0  3.0  3.0  3.0  3.0  3.0  3.0  3.0  3.0  3.0  3.0  3.0  3.0  3.0  3.0  3.0  3.0  3.0  3.0  3.0  3.0  
3.0  3.0  3.0  3.0  3.0  3.0  3.0  3.0  3.0  3.0  3.0  3.0  3.0  3.0  3.0  3.0  3.0  3.0  3.0  3.0  3.0  3.0  3.0  3.0  3.0  3.0  3.0  3.0  3.0  3.0  
3.0  3.0  3.0  3.0  3.0  3.0  3.0  3.0  3.0  3.0  3.0  3.0  3.0  3.0  3.0  3.0  3.0  3.0  3.0  3.0  3.0  3.0  3.0  3.0  3.0  3.0  3.0  3.0  3.0  3.0  
3.0  3.0  3.0  3.0  3.0  3.0  3.0  3.0  3.0  3.0  3.0  3.0  3.0  3.0  3.0  3.0  3.0  3.0  3.0  3.0  3.0  3.0  3.0  3.0  3.0  3.0  3.0  3.0  3.0  3.0  
3.0  3.0  3.0  3.0  3.0  3.0  3.0  3.0  3.0  3.0  3.0  3.0  3.0  3.0  3.0  3.0  3.0  3.0  3.0  3.0  3.0  3.0  3.0  3.0  3.0  3.0  3.0  3.0  3.0  3.0  
3.0  3.0  3.0  3.0  3.0  3.0  3.0  3.0  3.0  3.0  3.0  3.0  3.0  3.0  3.0  3.0  3.0  3.0  3.0  3.0  3.0  3.0  3.0  3.0  3.0  3.0  3.0  3.0  3.0  3.0  
3.0  3.0  3.0  3.0  3.0  3.0  3.0  3.0  3.0  3.0  3.0  3.0  3.0  3.0  3.0  3.0  3.0  3.0  3.0  3.0  3.0  3.0  3.0  3.0  3.0  3.0  3.0  3.0  3.0  3.0  
3.0  3.0  3.0  3.0  3.0  3.0  3.0  3.0  3.0  3.0  3.0  3.0  3.0  3.0  3.0  3.0  3.0  3.0  3.0  3.0  3.0  3.0  3.0  3.0  3.0  3.0  3.0  3.0  3.0  3.0  
3.0  3.0  3.0  3.0  3.0  3.0  3.0  3.0  3.0  3.0  3.0  3.0  3.0  3.0  3.0  3.0  3.0  3.0  3.0  3.0  3.0  3.0  3.0  3.0  3.0  3.0  3.0  3.0  3.0  3.0  
3.0  3.0  3.0  3.0  3.0  3.0  3.0  3.0  3.0  3.0  3.0  3.0  3.0  3.0  3.0  3.0  3.0  3.0  3.0  3.0  3.0  3.0  3.0  3.0  3.0  3.0  3.0  3.0  3.0  3.0  
3.0  3.0  3.0  3.0  3.0  3.0  3.0  3.0  3.0  3.0  3.0  3.0  3.0  3.0  3.0  3.0  3.0  3.0  3.0  3.0  3.0  3.0  3.0  3.0  3.0  3.0  3.0  3.0  3.0  3.0  
3.0  3.0  3.0  3.0  3.0  3.0  3.0  3.0  3.0  3.0  3.0  3.0  3.0  3.0  3.0  3.0  3.0  3.0  3.0  3.0  3.0  3.0  3.0  3.0  3.0  3.0  3.0  3.0  3.0  3.0  
3.0  3.0  3.0  3.0  3.0  3.0  3.0  3.0  3.0  3.0  3.0  3.0  3.0  3.0  3.0  3.0  3.0  3.0  3.0  3.0  3.0  3.0  3.0  3.0  3.0  3.0  3.0  3.0  3.0  3.0  
=========
INFO: [SIM 1] CSim done with 0 errors.
INFO: [SIM 3] *************** CSIM finish ***************
